#
# There is insufficient memory for the Java Runtime Environment to continue.
# Native memory allocation (malloc) failed to allocate 1048576 bytes. Error detail: AllocateHeap
# Possible reasons:
#   The system is out of physical RAM or swap space
#   This process is running with CompressedOops enabled, and the Java Heap may be blocking the growth of the native heap
# Possible solutions:
#   Reduce memory load on the system
#   Increase physical memory or swap space
#   Check if swap backing store is full
#   Decrease Java heap size (-Xmx/-Xms)
#   Decrease number of Java threads
#   Decrease Java thread stack sizes (-Xss)
#   Set larger code cache with -XX:ReservedCodeCacheSize=
#   JVM is running with Unscaled Compressed Oops mode in which the Java heap is
#     placed in the first 4GB address space. The Java Heap base address is the
#     maximum limit for the native heap growth. Please use -XX:HeapBaseMinAddress
#     to set the Java Heap base and to place the Java Heap above 4GB virtual address.
# This output file may be truncated or incomplete.
#
#  Out of Memory Error (allocation.cpp:44), pid=5828, tid=5092
#
# JRE version: OpenJDK Runtime Environment Temurin-21.0.11+10 (21.0.11+10) (build 21.0.11+10-LTS)
# Java VM: OpenJDK 64-Bit Server VM Temurin-21.0.11+10 (21.0.11+10-LTS, mixed mode, sharing, tiered, compressed oops, compressed class ptrs, parallel gc, windows-amd64)
# No core dump will be written. Minidumps are not enabled by default on client versions of Windows
#

---------------  S U M M A R Y ------------

Command Line: --add-modules=ALL-SYSTEM --add-opens=java.base/java.util=ALL-UNNAMED --add-opens=java.base/java.lang=ALL-UNNAMED --add-opens=java.base/sun.nio.fs=ALL-UNNAMED -Declipse.application=org.eclipse.jdt.ls.core.id1 -Dosgi.bundles.defaultStartLevel=4 -Declipse.product=org.eclipse.jdt.ls.core.product -Djava.import.generatesMetadataFilesAtProjectRoot=false -DDetectVMInstallationsJob.disabled=true -Dfile.encoding=utf8 -XX:+UseParallelGC -XX:GCTimeRatio=4 -XX:AdaptiveSizePolicyWeight=90 -Dsun.zip.disableMemoryMapping=true -Xmx2G -Xms100m -Xlog:disable -javaagent:c:\Users\ASUS\.vscode\extensions\redhat.java-1.55.0-win32-x64\lombok\lombok-1.18.39-4050.jar -XX:+HeapDumpOnOutOfMemoryError -XX:HeapDumpPath=c:\Users\ASUS\AppData\Roaming\Code\User\workspaceStorage\8a2261c7dc75c5d48a79eb36663942b8\redhat.java -Daether.dependencyCollector.impl=bf c:\Users\ASUS\.vscode\extensions\redhat.java-1.55.0-win32-x64\server\plugins\org.eclipse.equinox.launcher_1.7.200.v20260619-2039.jar -configuration c:\Users\ASUS\AppData\Roaming\Code\User\globalStorage\redhat.java\1.55.0\config_win -data c:\Users\ASUS\AppData\Roaming\Code\User\workspaceStorage\8a2261c7dc75c5d48a79eb36663942b8\redhat.java\jdt_ws --pipe=\\.\pipe\lsp-0339f76d5fcd575c00668d43c0b7e840-sock

Host: Intel(R) Celeron(R) N4020 CPU @ 1.10GHz, 2 cores, 3G,  Windows 11 , 64 bit Build 26100 (10.0.26100.8875)
Time: Sat Jul 18 10:59:09 2026 India Standard Time elapsed time: 2142.223483 seconds (0d 0h 35m 42s)

---------------  T H R E A D  ---------------

Current thread (0x0000019bbd1b2bd0):  JavaThread "Attach Listener" daemon [_thread_in_vm, id=5092, stack(0x00000091a4c00000,0x00000091a4d00000) (1024K)]

Stack: [0x00000091a4c00000,0x00000091a4d00000]
Native frames: (J=compiled Java code, j=interpreted, Vv=VM code, C=native code)
V  [jvm.dll+0x6d7e19]
V  [jvm.dll+0x8b5096]
V  [jvm.dll+0x8b764e]
V  [jvm.dll+0x8b7d33]
V  [jvm.dll+0x284596]
V  [jvm.dll+0xc13c7]
V  [jvm.dll+0x6d86c9]
V  [jvm.dll+0x133616]
V  [jvm.dll+0x3f868e]
V  [jvm.dll+0x85fb0d]
V  [jvm.dll+0x6d664d]
C  [ucrtbase.dll+0x2cd30]
C  [KERNEL32.DLL+0x2e957]
C  [ntdll.dll+0xaad6c]


---------------  P R O C E S S  ---------------

Threads class SMR info:
_java_thread_list=0x0000019b86d065a0, length=30, elements={
0x0000019ba4bfb070, 0x0000019bbd1a90f0, 0x0000019bbd1ac980, 0x0000019bbd1afee0,
0x0000019bbd1b2bd0, 0x0000019bbd1b3630, 0x0000019bbd1b4090, 0x0000019bbd1b72e0,
0x0000019bbd22c1d0, 0x0000019bbda32250, 0x0000019bbda57710, 0x0000019bff325ac0,
0x0000019bff3b8000, 0x0000019bbdb7e840, 0x0000019bbdb7f280, 0x0000019bff4a83b0,
0x0000019bff7f9550, 0x0000019b84186cc0, 0x0000019b846eed10, 0x0000019b846f0de0,
0x0000019b846f1b00, 0x0000019b85dff780, 0x0000019b85dfd6b0, 0x0000019b85e004a0,
0x0000019b85dfdd40, 0x0000019b85dfe3d0, 0x0000019b852c13e0, 0x0000019b852c1a70,
0x0000019b852c2e20, 0x0000019b852c0d50
}

Java Threads: ( => current thread )
  0x0000019ba4bfb070 JavaThread "main"                              [_thread_blocked, id=5112, stack(0x00000091a4500000,0x00000091a4600000) (1024K)]
  0x0000019bbd1a90f0 JavaThread "Reference Handler"          daemon [_thread_blocked, id=15784, stack(0x00000091a4900000,0x00000091a4a00000) (1024K)]
  0x0000019bbd1ac980 JavaThread "Finalizer"                  daemon [_thread_blocked, id=2248, stack(0x00000091a4a00000,0x00000091a4b00000) (1024K)]
  0x0000019bbd1afee0 JavaThread "Signal Dispatcher"          daemon [_thread_blocked, id=12168, stack(0x00000091a4b00000,0x00000091a4c00000) (1024K)]
=>0x0000019bbd1b2bd0 JavaThread "Attach Listener"            daemon [_thread_in_vm, id=5092, stack(0x00000091a4c00000,0x00000091a4d00000) (1024K)]
  0x0000019bbd1b3630 JavaThread "Service Thread"             daemon [_thread_blocked, id=10568, stack(0x00000091a4d00000,0x00000091a4e00000) (1024K)]
  0x0000019bbd1b4090 JavaThread "Monitor Deflation Thread"   daemon [_thread_blocked, id=14692, stack(0x00000091a4e00000,0x00000091a4f00000) (1024K)]
  0x0000019bbd1b72e0 JavaThread "C2 CompilerThread0"         daemon [_thread_blocked, id=496, stack(0x00000091a4f00000,0x00000091a5000000) (1024K)]
  0x0000019bbd22c1d0 JavaThread "C1 CompilerThread0"         daemon [_thread_blocked, id=12520, stack(0x00000091a5000000,0x00000091a5100000) (1024K)]
  0x0000019bbda32250 JavaThread "Common-Cleaner"             daemon [_thread_blocked, id=16824, stack(0x00000091a5100000,0x00000091a5200000) (1024K)]
  0x0000019bbda57710 JavaThread "Notification Thread"        daemon [_thread_blocked, id=7916, stack(0x00000091a5200000,0x00000091a5300000) (1024K)]
  0x0000019bff325ac0 JavaThread "Active Thread: Equinox Container: 781e5aca-3ea0-4a68-a8b2-424bd96b2bc8"        [_thread_blocked, id=15732, stack(0x00000091a5400000,0x00000091a5500000) (1024K)]
  0x0000019bff3b8000 JavaThread "Refresh Thread: Equinox Container: 781e5aca-3ea0-4a68-a8b2-424bd96b2bc8" daemon [_thread_blocked, id=11164, stack(0x00000091a5500000,0x00000091a5600000) (1024K)]
  0x0000019bbdb7e840 JavaThread "Framework Event Dispatcher: Equinox Container: 781e5aca-3ea0-4a68-a8b2-424bd96b2bc8" daemon [_thread_blocked, id=13900, stack(0x00000091a5600000,0x00000091a5700000) (1024K)]
  0x0000019bbdb7f280 JavaThread "Start Level: Equinox Container: 781e5aca-3ea0-4a68-a8b2-424bd96b2bc8" daemon [_thread_blocked, id=1148, stack(0x00000091a5700000,0x00000091a5800000) (1024K)]
  0x0000019bff4a83b0 JavaThread "Bundle File Closer"         daemon [_thread_blocked, id=14724, stack(0x00000091a5800000,0x00000091a5900000) (1024K)]
  0x0000019bff7f9550 JavaThread "SCR Component Actor"        daemon [_thread_blocked, id=12568, stack(0x00000091a4300000,0x00000091a4400000) (1024K)]
  0x0000019b84186cc0 JavaThread "Worker-JM"                         [_thread_blocked, id=5416, stack(0x00000091a5900000,0x00000091a5a00000) (1024K)]
  0x0000019b846eed10 JavaThread "JNA Cleaner"                daemon [_thread_blocked, id=14452, stack(0x00000091a5a00000,0x00000091a5b00000) (1024K)]
  0x0000019b846f0de0 JavaThread "Java indexing"              daemon [_thread_blocked, id=5136, stack(0x00000091a5e00000,0x00000091a5f00000) (1024K)]
  0x0000019b846f1b00 JavaThread "Thread-1"                   daemon [_thread_in_native, id=8836, stack(0x00000091a6300000,0x00000091a6400000) (1024K)]
  0x0000019b85dff780 JavaThread "Thread-2"                   daemon [_thread_in_native, id=452, stack(0x00000091a6400000,0x00000091a6500000) (1024K)]
  0x0000019b85dfd6b0 JavaThread "Thread-3"                   daemon [_thread_in_native, id=9760, stack(0x00000091a6500000,0x00000091a6600000) (1024K)]
  0x0000019b85e004a0 JavaThread "pool-2-thread-1"                   [_thread_blocked, id=14212, stack(0x00000091a6600000,0x00000091a6700000) (1024K)]
  0x0000019b85dfdd40 JavaThread "WorkspaceEventsHandler"            [_thread_blocked, id=14844, stack(0x00000091a6700000,0x00000091a6800000) (1024K)]
  0x0000019b85dfe3d0 JavaThread "pool-1-thread-1"                   [_thread_blocked, id=16584, stack(0x00000091a6800000,0x00000091a6900000) (1024K)]
  0x0000019b852c13e0 JavaThread "Cleaner-0"                  daemon [_thread_blocked, id=7456, stack(0x00000091a6c00000,0x00000091a6d00000) (1024K)]
  0x0000019b852c1a70 JavaThread "Worker-8"                          [_thread_blocked, id=12784, stack(0x00000091a6900000,0x00000091a6a00000) (1024K)]
  0x0000019b852c2e20 JavaThread "Worker-9"                          [_thread_blocked, id=13848, stack(0x00000091a4400000,0x00000091a4500000) (1024K)]
  0x0000019b852c0d50 JavaThread "PatternSearchJob-worker-4"  daemon [_thread_blocked, id=7716, stack(0x00000091a5c00000,0x00000091a5d00000) (1024K)]
Total: 30

Other Threads:
  0x0000019ba4cbafa0 VMThread "VM Thread"                           [id=15072, stack(0x00000091a4800000,0x00000091a4900000) (1024K)]
  0x0000019bbd18bb00 WatcherThread "VM Periodic Task Thread"        [id=4968, stack(0x00000091a4700000,0x00000091a4800000) (1024K)]
  0x0000019ba4c18940 WorkerThread "GC Thread#0"                     [id=15996, stack(0x00000091a4600000,0x00000091a4700000) (1024K)]
  0x0000019bbd1e36f0 WorkerThread "GC Thread#1"                     [id=2524, stack(0x00000091a5300000,0x00000091a5400000) (1024K)]
Total: 4

Threads with active compile tasks:
Total: 0

VM state: not at safepoint (normal execution)

VM Mutex/Monitor currently owned by a thread: None

Heap address: 0x0000000080000000, size: 2048 MB, Compressed Oops mode: 32-bit

CDS archive(s) mapped at: [0x0000019bbe000000-0x0000019bbeba0000-0x0000019bbeba0000), size 12189696, SharedBaseAddress: 0x0000019bbe000000, ArchiveRelocationMode: 1.
Compressed class space mapped at: 0x0000019bbf000000-0x0000019bff000000, reserved size: 1073741824
Narrow klass base: 0x0000019bbe000000, Narrow klass shift: 0, Narrow klass range: 0x100000000

GC Precious Log:
 CardTable entry size: 512
 CPUs: 2 total, 2 available
 Memory: 3918M
 Large Page Support: Disabled
 NUMA Support: Disabled
 Compressed Oops: Enabled (32-bit)
 Alignments: Space 512K, Generation 512K, Heap 2M
 Heap Min Capacity: 100M
 Heap Initial Capacity: 100M
 Heap Max Capacity: 2G
 Pre-touch: Disabled
 Parallel Workers: 2

Heap:
 PSYoungGen      total 6656K, used 6448K [0x00000000d5580000, 0x00000000d6000000, 0x0000000100000000)
  eden space 5632K, 96% used [0x00000000d5580000,0x00000000d5ad1268,0x00000000d5b00000)
  from space 1024K, 98% used [0x00000000d5e00000,0x00000000d5efb110,0x00000000d5f00000)
  to   space 2560K, 0% used [0x00000000d5b00000,0x00000000d5b00000,0x00000000d5d80000)
 ParOldGen       total 348160K, used 73101K [0x0000000080000000, 0x0000000095400000, 0x00000000d5580000)
  object space 348160K, 20% used [0x0000000080000000,0x0000000084763580,0x0000000095400000)
 Metaspace       used 85051K, committed 87040K, reserved 1179648K
  class space    used 8932K, committed 9792K, reserved 1048576K

Card table byte_map: [0x0000019bb85f0000,0x0000019bb8a00000] _byte_map_base: 0x0000019bb81f0000

Marking Bits: (ParMarkBitMap*) 0x00007ffa2dcb4460
 Begin Bits: [0x0000019bb8cb0000, 0x0000019bbacb0000)
 End Bits:   [0x0000019bbacb0000, 0x0000019bbccb0000)

Polling page: 0x0000019ba4cc0000

Metaspace:

Usage:
  Non-class:     74.33 MB used.
      Class:      8.72 MB used.
       Both:     83.06 MB used.

Virtual space:
  Non-class space:      128.00 MB reserved,      75.44 MB ( 59%) committed,  2 nodes.
      Class space:        1.00 GB reserved,       9.56 MB ( <1%) committed,  1 nodes.
             Both:        1.12 GB reserved,      85.00 MB (  7%) committed. 

Chunk freelists:
   Non-Class:  4.22 MB
       Class:  6.48 MB
        Both:  10.70 MB

MaxMetaspaceSize: unlimited
CompressedClassSpaceSize: 1.00 GB
Initial GC threshold: 21.00 MB
Current GC threshold: 141.56 MB
CDS: on
 - commit_granule_bytes: 65536.
 - commit_granule_words: 8192.
 - virtual_space_node_default_size: 8388608.
 - enlarge_chunks_in_place: 1.
 - use_allocation_guard: 0.


Internal statistics:

num_allocs_failed_limit: 9.
num_arena_births: 1554.
num_arena_deaths: 18.
num_vsnodes_births: 3.
num_vsnodes_deaths: 0.
num_space_committed: 1364.
num_space_uncommitted: 4.
num_chunks_returned_to_freelist: 55.
num_chunks_taken_from_freelist: 5546.
num_chunk_merges: 18.
num_chunk_splits: 3425.
num_chunks_enlarged: 1975.
num_inconsistent_stats: 0.

CodeHeap 'non-profiled nmethods': size=120064Kb used=12122Kb max_used=13078Kb free=107941Kb
 bounds [0x0000019bb0ed0000, 0x0000019bb1ba0000, 0x0000019bb8410000]
CodeHeap 'profiled nmethods': size=120000Kb used=36359Kb max_used=38231Kb free=83640Kb
 bounds [0x0000019ba9410000, 0x0000019bab970000, 0x0000019bb0940000]
CodeHeap 'non-nmethods': size=5696Kb used=1509Kb max_used=1560Kb free=4186Kb
 bounds [0x0000019bb0940000, 0x0000019bb0bb0000, 0x0000019bb0ed0000]
CodeCache: size=245760Kb, used=49990Kb, max_used=52869Kb, free=195767Kb
 total_blobs=15728, nmethods=14889, adapters=742, full_count=0
Compilation: enabled, stopped_count=0, restarted_count=0

Compilation events (20 events):
Event: 2084.895 Thread 0x0000019bbd1b72e0 16550       4       java.io.ObjectOutputStream$BlockDataOutputStream::writeInt (46 bytes)
Event: 2084.896 Thread 0x0000019bbd22c1d0 16551       3       java.util.HashMap::writeObject (28 bytes)
Event: 2084.900 Thread 0x0000019bbd22c1d0 nmethod 16551 0x0000019ba9725b10 code [0x0000019ba9725d20, 0x0000019ba9726308]
Event: 2084.900 Thread 0x0000019bbd22c1d0 16552       3       java.util.HashSet::writeObject (75 bytes)
Event: 2084.919 Thread 0x0000019bbd22c1d0 nmethod 16552 0x0000019baa0fd410 code [0x0000019baa0fd680, 0x0000019baa0fe190]
Event: 2084.919 Thread 0x0000019bbd22c1d0 16553       3       java.io.ObjectOutputStream::writeFloat (9 bytes)
Event: 2084.920 Thread 0x0000019bbd22c1d0 nmethod 16553 0x0000019ba9da2210 code [0x0000019ba9da23c0, 0x0000019ba9da2500]
Event: 2084.921 Thread 0x0000019bbd1b72e0 nmethod 16550 0x0000019bb1001f10 code [0x0000019bb10020a0, 0x0000019bb10021d8]
Event: 2084.950 Thread 0x0000019bbd1b72e0 16554       4       java.io.ObjectStreamClass::forClass (52 bytes)
Event: 2084.956 Thread 0x0000019bbd1b72e0 nmethod 16554 0x0000019bb1028390 code [0x0000019bb1028520, 0x0000019bb10285e8]
Event: 2085.017 Thread 0x0000019bbd22c1d0 16555       3       org.eclipse.core.internal.dtree.DataTreeWriter::writeNumber (47 bytes)
Event: 2085.018 Thread 0x0000019bbd22c1d0 nmethod 16555 0x0000019ba954cd90 code [0x0000019ba954cf80, 0x0000019ba954d3a8]
Event: 2085.029 Thread 0x0000019bbd1b72e0 16556       4       jdk.internal.misc.VM::isBooted (13 bytes)
Event: 2085.030 Thread 0x0000019bbd1b72e0 nmethod 16556 0x0000019bb13b6890 code [0x0000019bb13b6a20, 0x0000019bb13b6ab8]
Event: 2085.283 Thread 0x0000019bbd22c1d0 16557       3       org.eclipse.core.internal.dtree.AbstractDataTree::isRoot (11 bytes)
Event: 2085.285 Thread 0x0000019bbd22c1d0 nmethod 16557 0x0000019ba9bbff90 code [0x0000019ba9bc0140, 0x0000019ba9bc0318]
Event: 2085.285 Thread 0x0000019bbd22c1d0 16558       3       org.eclipse.core.internal.dtree.DataDeltaNode::compareWithParent (78 bytes)
Event: 2085.301 Thread 0x0000019bbd22c1d0 nmethod 16558 0x0000019ba97f5d10 code [0x0000019ba97f5f40, 0x0000019ba97f6728]
Event: 2085.466 Thread 0x0000019bbd22c1d0 16559       3       org.eclipse.core.internal.dtree.AbstractDataTreeNode::compareWith (364 bytes)
Event: 2085.473 Thread 0x0000019bbd22c1d0 nmethod 16559 0x0000019ba94eec90 code [0x0000019ba94ef000, 0x0000019ba94f1040]

GC Heap History (20 events):
Event: 1783.597 GC heap before
{Heap before GC invocations=443 (full 3):
 PSYoungGen      total 4608K, used 4608K [0x00000000d5580000, 0x00000000d6080000, 0x0000000100000000)
  eden space 2560K, 100% used [0x00000000d5580000,0x00000000d5800000,0x00000000d5800000)
  from space 2048K, 100% used [0x00000000d5800000,0x00000000d5a00000,0x00000000d5a00000)
  to   space 4096K, 0% used [0x00000000d5c80000,0x00000000d5c80000,0x00000000d6080000)
 ParOldGen       total 337920K, used 337475K [0x0000000080000000, 0x0000000094a00000, 0x00000000d5580000)
  object space 337920K, 99% used [0x0000000080000000,0x0000000094990e90,0x0000000094a00000)
 Metaspace       used 85344K, committed 87168K, reserved 1179648K
  class space    used 8979K, committed 9792K, reserved 1048576K
}
Event: 1783.608 GC heap after
{Heap after GC invocations=443 (full 3):
 PSYoungGen      total 6144K, used 2563K [0x00000000d5580000, 0x00000000d5f80000, 0x0000000100000000)
  eden space 3072K, 0% used [0x00000000d5580000,0x00000000d5580000,0x00000000d5880000)
  from space 3072K, 83% used [0x00000000d5c80000,0x00000000d5f00db0,0x00000000d5f80000)
  to   space 3072K, 0% used [0x00000000d5980000,0x00000000d5980000,0x00000000d5c80000)
 ParOldGen       total 338944K, used 338747K [0x0000000080000000, 0x0000000094b00000, 0x00000000d5580000)
  object space 338944K, 99% used [0x0000000080000000,0x0000000094acee90,0x0000000094b00000)
 Metaspace       used 85344K, committed 87168K, reserved 1179648K
  class space    used 8979K, committed 9792K, reserved 1048576K
}
Event: 1783.624 GC heap before
{Heap before GC invocations=444 (full 3):
 PSYoungGen      total 6144K, used 5635K [0x00000000d5580000, 0x00000000d5f80000, 0x0000000100000000)
  eden space 3072K, 99% used [0x00000000d5580000,0x00000000d587fff0,0x00000000d5880000)
  from space 3072K, 83% used [0x00000000d5c80000,0x00000000d5f00db0,0x00000000d5f80000)
  to   space 3072K, 0% used [0x00000000d5980000,0x00000000d5980000,0x00000000d5c80000)
 ParOldGen       total 338944K, used 338747K [0x0000000080000000, 0x0000000094b00000, 0x00000000d5580000)
  object space 338944K, 99% used [0x0000000080000000,0x0000000094acee90,0x0000000094b00000)
 Metaspace       used 85345K, committed 87168K, reserved 1179648K
  class space    used 8979K, committed 9792K, reserved 1048576K
}
Event: 1783.635 GC heap after
{Heap after GC invocations=444 (full 3):
 PSYoungGen      total 7168K, used 3040K [0x00000000d5580000, 0x00000000d6080000, 0x0000000100000000)
  eden space 4096K, 0% used [0x00000000d5580000,0x00000000d5580000,0x00000000d5980000)
  from space 3072K, 98% used [0x00000000d5980000,0x00000000d5c78000,0x00000000d5c80000)
  to   space 3584K, 0% used [0x00000000d5d00000,0x00000000d5d00000,0x00000000d6080000)
 ParOldGen       total 341504K, used 341295K [0x0000000080000000, 0x0000000094d80000, 0x00000000d5580000)
  object space 341504K, 99% used [0x0000000080000000,0x0000000094d4bc40,0x0000000094d80000)
 Metaspace       used 85345K, committed 87168K, reserved 1179648K
  class space    used 8979K, committed 9792K, reserved 1048576K
}
Event: 1785.055 GC heap before
{Heap before GC invocations=445 (full 3):
 PSYoungGen      total 7168K, used 7135K [0x00000000d5580000, 0x00000000d6080000, 0x0000000100000000)
  eden space 4096K, 99% used [0x00000000d5580000,0x00000000d597ffe0,0x00000000d5980000)
  from space 3072K, 98% used [0x00000000d5980000,0x00000000d5c78000,0x00000000d5c80000)
  to   space 3584K, 0% used [0x00000000d5d00000,0x00000000d5d00000,0x00000000d6080000)
 ParOldGen       total 341504K, used 341295K [0x0000000080000000, 0x0000000094d80000, 0x00000000d5580000)
  object space 341504K, 99% used [0x0000000080000000,0x0000000094d4bc40,0x0000000094d80000)
 Metaspace       used 85360K, committed 87168K, reserved 1179648K
  class space    used 8979K, committed 9792K, reserved 1048576K
}
Event: 1785.089 GC heap after
{Heap after GC invocations=445 (full 3):
 PSYoungGen      total 8192K, used 2688K [0x00000000d5580000, 0x00000000d6080000, 0x0000000100000000)
  eden space 4608K, 0% used [0x00000000d5580000,0x00000000d5580000,0x00000000d5a00000)
  from space 3584K, 75% used [0x00000000d5d00000,0x00000000d5fa0000,0x00000000d6080000)
  to   space 3072K, 0% used [0x00000000d5a00000,0x00000000d5a00000,0x00000000d5d00000)
 ParOldGen       total 344576K, used 344351K [0x0000000080000000, 0x0000000095080000, 0x00000000d5580000)
  object space 344576K, 99% used [0x0000000080000000,0x0000000095047c40,0x0000000095080000)
 Metaspace       used 85360K, committed 87168K, reserved 1179648K
  class space    used 8979K, committed 9792K, reserved 1048576K
}
Event: 1785.537 GC heap before
{Heap before GC invocations=446 (full 3):
 PSYoungGen      total 8192K, used 7296K [0x00000000d5580000, 0x00000000d6080000, 0x0000000100000000)
  eden space 4608K, 100% used [0x00000000d5580000,0x00000000d5a00000,0x00000000d5a00000)
  from space 3584K, 75% used [0x00000000d5d00000,0x00000000d5fa0000,0x00000000d6080000)
  to   space 3072K, 0% used [0x00000000d5a00000,0x00000000d5a00000,0x00000000d5d00000)
 ParOldGen       total 344576K, used 344351K [0x0000000080000000, 0x0000000095080000, 0x00000000d5580000)
  object space 344576K, 99% used [0x0000000080000000,0x0000000095047c40,0x0000000095080000)
 Metaspace       used 85389K, committed 87232K, reserved 1179648K
  class space    used 8979K, committed 9792K, reserved 1048576K
}
Event: 1785.548 GC heap after
{Heap after GC invocations=446 (full 3):
 PSYoungGen      total 7680K, used 1033K [0x00000000d5580000, 0x00000000d5f00000, 0x0000000100000000)
  eden space 4608K, 0% used [0x00000000d5580000,0x00000000d5580000,0x00000000d5a00000)
  from space 3072K, 33% used [0x00000000d5a00000,0x00000000d5b02460,0x00000000d5d00000)
  to   space 2048K, 0% used [0x00000000d5d00000,0x00000000d5d00000,0x00000000d5f00000)
 ParOldGen       total 347136K, used 346999K [0x0000000080000000, 0x0000000095300000, 0x00000000d5580000)
  object space 347136K, 99% used [0x0000000080000000,0x00000000952ddc40,0x0000000095300000)
 Metaspace       used 85389K, committed 87232K, reserved 1179648K
  class space    used 8979K, committed 9792K, reserved 1048576K
}
Event: 1785.567 GC heap before
{Heap before GC invocations=447 (full 3):
 PSYoungGen      total 7680K, used 1417K [0x00000000d5580000, 0x00000000d5f00000, 0x0000000100000000)
  eden space 4608K, 8% used [0x00000000d5580000,0x00000000d55e0258,0x00000000d5a00000)
  from space 3072K, 33% used [0x00000000d5a00000,0x00000000d5b02460,0x00000000d5d00000)
  to   space 2048K, 0% used [0x00000000d5d00000,0x00000000d5d00000,0x00000000d5f00000)
 ParOldGen       total 347136K, used 346999K [0x0000000080000000, 0x0000000095300000, 0x00000000d5580000)
  object space 347136K, 99% used [0x0000000080000000,0x00000000952ddc40,0x0000000095300000)
 Metaspace       used 85399K, committed 87232K, reserved 1179648K
  class space    used 8979K, committed 9792K, reserved 1048576K
}
Event: 1785.572 GC heap after
{Heap after GC invocations=447 (full 3):
 PSYoungGen      total 6144K, used 128K [0x00000000d5580000, 0x00000000d5d80000, 0x0000000100000000)
  eden space 5632K, 0% used [0x00000000d5580000,0x00000000d5580000,0x00000000d5b00000)
  from space 512K, 25% used [0x00000000d5d00000,0x00000000d5d20000,0x00000000d5d80000)
  to   space 1024K, 0% used [0x00000000d5b80000,0x00000000d5b80000,0x00000000d5c80000)
 ParOldGen       total 348160K, used 347950K [0x0000000080000000, 0x0000000095400000, 0x00000000d5580000)
  object space 348160K, 99% used [0x0000000080000000,0x00000000953cbaa8,0x0000000095400000)
 Metaspace       used 85399K, committed 87232K, reserved 1179648K
  class space    used 8979K, committed 9792K, reserved 1048576K
}
Event: 1785.572 GC heap before
{Heap before GC invocations=448 (full 4):
 PSYoungGen      total 6144K, used 128K [0x00000000d5580000, 0x00000000d5d80000, 0x0000000100000000)
  eden space 5632K, 0% used [0x00000000d5580000,0x00000000d5580000,0x00000000d5b00000)
  from space 512K, 25% used [0x00000000d5d00000,0x00000000d5d20000,0x00000000d5d80000)
  to   space 1024K, 0% used [0x00000000d5b80000,0x00000000d5b80000,0x00000000d5c80000)
 ParOldGen       total 348160K, used 347950K [0x0000000080000000, 0x0000000095400000, 0x00000000d5580000)
  object space 348160K, 99% used [0x0000000080000000,0x00000000953cbaa8,0x0000000095400000)
 Metaspace       used 85399K, committed 87232K, reserved 1179648K
  class space    used 8979K, committed 9792K, reserved 1048576K
}
Event: 1789.806 GC heap after
{Heap after GC invocations=448 (full 4):
 PSYoungGen      total 6144K, used 0K [0x00000000d5580000, 0x00000000d5d80000, 0x0000000100000000)
  eden space 5632K, 0% used [0x00000000d5580000,0x00000000d5580000,0x00000000d5b00000)
  from space 512K, 0% used [0x00000000d5d00000,0x00000000d5d00000,0x00000000d5d80000)
  to   space 1024K, 0% used [0x00000000d5b80000,0x00000000d5b80000,0x00000000d5c80000)
 ParOldGen       total 348160K, used 69319K [0x0000000080000000, 0x0000000095400000, 0x00000000d5580000)
  object space 348160K, 19% used [0x0000000080000000,0x00000000843b1d10,0x0000000095400000)
 Metaspace       used 84830K, committed 86976K, reserved 1179648K
  class space    used 8930K, committed 9792K, reserved 1048576K
}
Event: 1792.431 GC heap before
{Heap before GC invocations=449 (full 4):
 PSYoungGen      total 6144K, used 5632K [0x00000000d5580000, 0x00000000d5d80000, 0x0000000100000000)
  eden space 5632K, 100% used [0x00000000d5580000,0x00000000d5b00000,0x00000000d5b00000)
  from space 512K, 0% used [0x00000000d5d00000,0x00000000d5d00000,0x00000000d5d80000)
  to   space 1024K, 0% used [0x00000000d5b80000,0x00000000d5b80000,0x00000000d5c80000)
 ParOldGen       total 348160K, used 69319K [0x0000000080000000, 0x0000000095400000, 0x00000000d5580000)
  object space 348160K, 19% used [0x0000000080000000,0x00000000843b1d10,0x0000000095400000)
 Metaspace       used 84869K, committed 87040K, reserved 1179648K
  class space    used 8932K, committed 9792K, reserved 1048576K
}
Event: 1792.447 GC heap after
{Heap after GC invocations=449 (full 4):
 PSYoungGen      total 6656K, used 1001K [0x00000000d5580000, 0x00000000d6200000, 0x0000000100000000)
  eden space 5632K, 0% used [0x00000000d5580000,0x00000000d5580000,0x00000000d5b00000)
  from space 1024K, 97% used [0x00000000d5b80000,0x00000000d5c7a5f0,0x00000000d5c80000)
  to   space 3584K, 0% used [0x00000000d5e80000,0x00000000d5e80000,0x00000000d6200000)
 ParOldGen       total 348160K, used 71312K [0x0000000080000000, 0x0000000095400000, 0x00000000d5580000)
  object space 348160K, 20% used [0x0000000080000000,0x00000000845a4210,0x0000000095400000)
 Metaspace       used 84869K, committed 87040K, reserved 1179648K
  class space    used 8932K, committed 9792K, reserved 1048576K
}
Event: 1804.212 GC heap before
{Heap before GC invocations=450 (full 4):
 PSYoungGen      total 6656K, used 6633K [0x00000000d5580000, 0x00000000d6200000, 0x0000000100000000)
  eden space 5632K, 100% used [0x00000000d5580000,0x00000000d5b00000,0x00000000d5b00000)
  from space 1024K, 97% used [0x00000000d5b80000,0x00000000d5c7a5f0,0x00000000d5c80000)
  to   space 3584K, 0% used [0x00000000d5e80000,0x00000000d5e80000,0x00000000d6200000)
 ParOldGen       total 348160K, used 71312K [0x0000000080000000, 0x0000000095400000, 0x00000000d5580000)
  object space 348160K, 20% used [0x0000000080000000,0x00000000845a4210,0x0000000095400000)
 Metaspace       used 84930K, committed 87040K, reserved 1179648K
  class space    used 8932K, committed 9792K, reserved 1048576K
}
Event: 1804.216 GC heap after
{Heap after GC invocations=450 (full 4):
 PSYoungGen      total 6656K, used 608K [0x00000000d5580000, 0x00000000d5f80000, 0x0000000100000000)
  eden space 5632K, 0% used [0x00000000d5580000,0x00000000d5580000,0x00000000d5b00000)
  from space 1024K, 59% used [0x00000000d5e80000,0x00000000d5f18020,0x00000000d5f80000)
  to   space 1536K, 0% used [0x00000000d5c80000,0x00000000d5c80000,0x00000000d5e00000)
 ParOldGen       total 348160K, used 71336K [0x0000000080000000, 0x0000000095400000, 0x00000000d5580000)
  object space 348160K, 20% used [0x0000000080000000,0x00000000845aa210,0x0000000095400000)
 Metaspace       used 84930K, committed 87040K, reserved 1179648K
  class space    used 8932K, committed 9792K, reserved 1048576K
}
Event: 1949.557 GC heap before
{Heap before GC invocations=451 (full 4):
 PSYoungGen      total 6656K, used 6240K [0x00000000d5580000, 0x00000000d5f80000, 0x0000000100000000)
  eden space 5632K, 100% used [0x00000000d5580000,0x00000000d5b00000,0x00000000d5b00000)
  from space 1024K, 59% used [0x00000000d5e80000,0x00000000d5f18020,0x00000000d5f80000)
  to   space 1536K, 0% used [0x00000000d5c80000,0x00000000d5c80000,0x00000000d5e00000)
 ParOldGen       total 348160K, used 71336K [0x0000000080000000, 0x0000000095400000, 0x00000000d5580000)
  object space 348160K, 20% used [0x0000000080000000,0x00000000845aa210,0x0000000095400000)
 Metaspace       used 85032K, committed 87040K, reserved 1179648K
  class space    used 8932K, committed 9792K, reserved 1048576K
}
Event: 1949.666 GC heap after
{Heap after GC invocations=451 (full 4):
 PSYoungGen      total 7168K, used 372K [0x00000000d5580000, 0x00000000d5f00000, 0x0000000100000000)
  eden space 5632K, 0% used [0x00000000d5580000,0x00000000d5580000,0x00000000d5b00000)
  from space 1536K, 24% used [0x00000000d5c80000,0x00000000d5cdd220,0x00000000d5e00000)
  to   space 1024K, 0% used [0x00000000d5e00000,0x00000000d5e00000,0x00000000d5f00000)
 ParOldGen       total 348160K, used 71908K [0x0000000080000000, 0x0000000095400000, 0x00000000d5580000)
  object space 348160K, 20% used [0x0000000080000000,0x00000000846393c0,0x0000000095400000)
 Metaspace       used 85032K, committed 87040K, reserved 1179648K
  class space    used 8932K, committed 9792K, reserved 1048576K
}
Event: 1949.840 GC heap before
{Heap before GC invocations=452 (full 4):
 PSYoungGen      total 7168K, used 6004K [0x00000000d5580000, 0x00000000d5f00000, 0x0000000100000000)
  eden space 5632K, 100% used [0x00000000d5580000,0x00000000d5b00000,0x00000000d5b00000)
  from space 1536K, 24% used [0x00000000d5c80000,0x00000000d5cdd220,0x00000000d5e00000)
  to   space 1024K, 0% used [0x00000000d5e00000,0x00000000d5e00000,0x00000000d5f00000)
 ParOldGen       total 348160K, used 71908K [0x0000000080000000, 0x0000000095400000, 0x00000000d5580000)
  object space 348160K, 20% used [0x0000000080000000,0x00000000846393c0,0x0000000095400000)
 Metaspace       used 85032K, committed 87040K, reserved 1179648K
  class space    used 8932K, committed 9792K, reserved 1048576K
}
Event: 1949.862 GC heap after
{Heap after GC invocations=452 (full 4):
 PSYoungGen      total 6656K, used 1004K [0x00000000d5580000, 0x00000000d6000000, 0x0000000100000000)
  eden space 5632K, 0% used [0x00000000d5580000,0x00000000d5580000,0x00000000d5b00000)
  from space 1024K, 98% used [0x00000000d5e00000,0x00000000d5efb110,0x00000000d5f00000)
  to   space 2560K, 0% used [0x00000000d5b00000,0x00000000d5b00000,0x00000000d5d80000)
 ParOldGen       total 348160K, used 73101K [0x0000000080000000, 0x0000000095400000, 0x00000000d5580000)
  object space 348160K, 20% used [0x0000000080000000,0x0000000084763580,0x0000000095400000)
 Metaspace       used 85032K, committed 87040K, reserved 1179648K
  class space    used 8932K, committed 9792K, reserved 1048576K
}

Dll operation events (12 events):
Event: 1.042 Loaded shared library c:\Users\ASUS\.vscode\extensions\redhat.java-1.55.0-win32-x64\jre\21.0.11-win32-x86_64\bin\java.dll
Event: 6.901 Loaded shared library c:\Users\ASUS\.vscode\extensions\redhat.java-1.55.0-win32-x64\jre\21.0.11-win32-x86_64\bin\zip.dll
Event: 8.085 Loaded shared library C:\Users\ASUS\.vscode\extensions\redhat.java-1.55.0-win32-x64\jre\21.0.11-win32-x86_64\bin\instrument.dll
Event: 8.138 Loaded shared library C:\Users\ASUS\.vscode\extensions\redhat.java-1.55.0-win32-x64\jre\21.0.11-win32-x86_64\bin\net.dll
Event: 8.159 Loaded shared library C:\Users\ASUS\.vscode\extensions\redhat.java-1.55.0-win32-x64\jre\21.0.11-win32-x86_64\bin\nio.dll
Event: 8.175 Loaded shared library C:\Users\ASUS\.vscode\extensions\redhat.java-1.55.0-win32-x64\jre\21.0.11-win32-x86_64\bin\zip.dll
Event: 9.058 Loaded shared library C:\Users\ASUS\.vscode\extensions\redhat.java-1.55.0-win32-x64\jre\21.0.11-win32-x86_64\bin\jimage.dll
Event: 10.713 Loaded shared library c:\Users\ASUS\.vscode\extensions\redhat.java-1.55.0-win32-x64\jre\21.0.11-win32-x86_64\bin\verify.dll
Event: 34.216 Loaded shared library C:\Users\ASUS\AppData\Roaming\Code\User\globalStorage\redhat.java\1.55.0\config_win\org.eclipse.equinox.launcher\org.eclipse.equinox.launcher.win32.win32.x86_64_1.3.100.v20260613-0559\eclipse_11924.dll
Event: 91.411 Loaded shared library C:\Users\ASUS\AppData\Local\Temp\jna-2018896\jna3554446688587793242.dll
Event: 660.235 Loaded shared library C:\Users\ASUS\.vscode\extensions\redhat.java-1.55.0-win32-x64\jre\21.0.11-win32-x86_64\bin\sunmscapi.dll
Event: 661.572 Loaded shared library C:\Users\ASUS\.vscode\extensions\redhat.java-1.55.0-win32-x64\jre\21.0.11-win32-x86_64\bin\extnet.dll

Deoptimization events (20 events):
Event: 1785.345 Thread 0x0000019b852c2e20 Uncommon trap: trap_request=0xffffffbe fr.pc=0x0000019bb1b8e48c relative=0x0000000000000a4c
Event: 1785.345 Thread 0x0000019b852c2e20 Uncommon trap: reason=profile_predicate action=maybe_recompile pc=0x0000019bb1b8e48c method=org.eclipse.jdt.internal.compiler.parser.Scanner.jumpOverMethodBody()V @ 881 c2
Event: 1785.345 Thread 0x0000019b852c2e20 DEOPT PACKING pc=0x0000019bb1b8e48c sp=0x00000091a44fe720
Event: 1785.345 Thread 0x0000019b852c2e20 DEOPT UNPACKING pc=0x0000019bb0993a9c sp=0x00000091a44fe680 mode 2
Event: 1785.345 Thread 0x0000019b852c2e20 Uncommon trap: trap_request=0xffffffbe fr.pc=0x0000019bb1b8e48c relative=0x0000000000000a4c
Event: 1785.345 Thread 0x0000019b852c2e20 Uncommon trap: reason=profile_predicate action=maybe_recompile pc=0x0000019bb1b8e48c method=org.eclipse.jdt.internal.compiler.parser.Scanner.jumpOverMethodBody()V @ 881 c2
Event: 1785.345 Thread 0x0000019b852c2e20 DEOPT PACKING pc=0x0000019bb1b8e48c sp=0x00000091a44fe720
Event: 1785.345 Thread 0x0000019b852c2e20 DEOPT UNPACKING pc=0x0000019bb0993a9c sp=0x00000091a44fe680 mode 2
Event: 1789.809 Thread 0x0000019bbd1a90f0 Uncommon trap: trap_request=0xffffff45 fr.pc=0x0000019bb1a1962c relative=0x00000000000001ac
Event: 1789.809 Thread 0x0000019bbd1a90f0 Uncommon trap: reason=unstable_if action=reinterpret pc=0x0000019bb1a1962c method=java.lang.ref.ReferenceQueue.enqueue0(Ljava/lang/ref/Reference;)Z @ 85 c2
Event: 1789.809 Thread 0x0000019bbd1a90f0 DEOPT PACKING pc=0x0000019bb1a1962c sp=0x00000091a49ff740
Event: 1789.809 Thread 0x0000019bbd1a90f0 DEOPT UNPACKING pc=0x0000019bb0993a9c sp=0x00000091a49ff6c8 mode 2
Event: 1789.842 Thread 0x0000019bbd1ac980 Uncommon trap: trap_request=0xffffff45 fr.pc=0x0000019bb12df208 relative=0x00000000000000e8
Event: 1789.842 Thread 0x0000019bbd1ac980 Uncommon trap: reason=unstable_if action=reinterpret pc=0x0000019bb12df208 method=java.lang.ref.ReferenceQueue.poll0()Ljava/lang/ref/Reference; @ 54 c2
Event: 1789.843 Thread 0x0000019bbd1ac980 DEOPT PACKING pc=0x0000019bb12df208 sp=0x00000091a4afeff0
Event: 1789.843 Thread 0x0000019bbd1ac980 DEOPT UNPACKING pc=0x0000019bb0993a9c sp=0x00000091a4afef70 mode 2
Event: 1790.354 Thread 0x0000019b852c2e20 Uncommon trap: trap_request=0xffffff45 fr.pc=0x0000019bb165b870 relative=0x0000000000000430
Event: 1790.354 Thread 0x0000019b852c2e20 Uncommon trap: reason=unstable_if action=reinterpret pc=0x0000019bb165b870 method=org.eclipse.jdt.internal.compiler.util.HashtableOfType.get([C)Lorg/eclipse/jdt/internal/compiler/lookup/ReferenceBinding; @ 49 c2
Event: 1790.354 Thread 0x0000019b852c2e20 DEOPT PACKING pc=0x0000019bb165b870 sp=0x00000091a44fd680
Event: 1790.368 Thread 0x0000019b852c2e20 DEOPT UNPACKING pc=0x0000019bb0993a9c sp=0x00000091a44fd5f8 mode 2

Classes loaded (20 events):
Event: 956.162 Loading class java/util/stream/Nodes$CollectorTask$OfRef
Event: 956.177 Loading class java/util/stream/Nodes$CollectorTask
Event: 956.189 Loading class java/util/stream/Nodes$CollectorTask done
Event: 956.189 Loading class java/util/stream/Nodes$CollectorTask$OfRef done
Event: 956.191 Loading class java/util/function/LongFunction
Event: 956.193 Loading class java/util/function/LongFunction done
Event: 956.197 Loading class java/util/stream/Nodes$ConcNode
Event: 956.200 Loading class java/util/stream/Nodes$AbstractConcNode
Event: 956.205 Loading class java/util/stream/Nodes$AbstractConcNode done
Event: 956.205 Loading class java/util/stream/Nodes$ConcNode done
Event: 1247.513 Loading class java/util/function/IntPredicate
Event: 1247.514 Loading class java/util/function/IntPredicate done
Event: 1247.594 Loading class java/util/regex/Pattern$Bound
Event: 1247.595 Loading class java/util/regex/Pattern$Bound done
Event: 1790.065 Loading class sun/security/ssl/Alert
Event: 1790.210 Loading class sun/security/ssl/Alert done
Event: 1790.295 Loading class sun/security/ssl/Alert$AlertConsumer
Event: 1790.325 Loading class sun/security/ssl/Alert$AlertConsumer done
Event: 1790.327 Loading class sun/security/ssl/Alert$Level
Event: 1790.336 Loading class sun/security/ssl/Alert$Level done

Classes unloaded (20 events):
Event: 1786.505 Thread 0x0000019ba4cbafa0 Unloading class 0x0000019bbf7d1330 'org/codehaus/plexus/compiler/util/scan/SourceInclusionScanner'
Event: 1786.505 Thread 0x0000019ba4cbafa0 Unloading class 0x0000019bbf7d0e40 'org/codehaus/plexus/compiler/CompilerConfiguration'
Event: 1786.505 Thread 0x0000019ba4cbafa0 Unloading class 0x0000019bbf7d0bd0 'org/apache/maven/plugin/compiler/DependencyCoordinate'
Event: 1786.505 Thread 0x0000019ba4cbafa0 Unloading class 0x0000019bbf7d0960 'org/apache/maven/plugin/compiler/CompilationFailureException'
Event: 1786.505 Thread 0x0000019ba4cbafa0 Unloading class 0x0000019bbf7d06f8 'org/codehaus/plexus/compiler/manager/NoSuchCompilerException'
Event: 1786.505 Thread 0x0000019ba4cbafa0 Unloading class 0x0000019bbf7d0498 'org/codehaus/plexus/compiler/CompilerException'
Event: 1786.505 Thread 0x0000019ba4cbafa0 Unloading class 0x0000019bbf7cdde0 'org/codehaus/plexus/compiler/util/scan/mapping/SourceMapping'
Event: 1786.505 Thread 0x0000019ba4cbafa0 Unloading class 0x0000019bbf7d0238 'org/codehaus/plexus/compiler/util/scan/InclusionScanException'
Event: 1786.505 Thread 0x0000019ba4cbafa0 Unloading class 0x0000019bbf7d0000 'org/codehaus/plexus/compiler/javac/JavaxToolsCompiler'
Event: 1786.505 Thread 0x0000019ba4cbafa0 Unloading class 0x0000019bbf7cdbe0 'org/codehaus/plexus/compiler/javac/InProcessCompiler'
Event: 1786.505 Thread 0x0000019ba4cbafa0 Unloading class 0x0000019bbf7cd8f0 'org/codehaus/plexus/compiler/javac/JavacCompiler'
Event: 1786.505 Thread 0x0000019ba4cbafa0 Unloading class 0x0000019bbf7cd630 'org/codehaus/plexus/compiler/AbstractCompiler'
Event: 1786.505 Thread 0x0000019ba4cbafa0 Unloading class 0x0000019bbf7cd430 'org/codehaus/plexus/compiler/Compiler'
Event: 1786.505 Thread 0x0000019ba4cbafa0 Unloading class 0x0000019bbf7cd200 'org/codehaus/plexus/compiler/manager/DefaultCompilerManager'
Event: 1786.505 Thread 0x0000019ba4cbafa0 Unloading class 0x0000019bbf7cd000 'org/codehaus/plexus/compiler/manager/CompilerManager'
Event: 1786.505 Thread 0x0000019ba4cbafa0 Unloading class 0x0000019bbf7ccc48 'org/codehaus/plexus/languages/java/jpms/LocationManager'
Event: 1786.505 Thread 0x0000019ba4cbafa0 Unloading class 0x0000019bbf7cc908 'org/apache/maven/plugin/compiler/TestCompilerMojo'
Event: 1786.505 Thread 0x0000019ba4cbafa0 Unloading class 0x0000019bbf7cc680 'org/apache/maven/plugins/maven_compiler_plugin/HelpMojo'
Event: 1786.506 Thread 0x0000019ba4cbafa0 Unloading class 0x0000019bbf7cc340 'org/apache/maven/plugin/compiler/CompilerMojo'
Event: 1786.506 Thread 0x0000019ba4cbafa0 Unloading class 0x0000019bbf7cc000 'org/apache/maven/plugin/compiler/AbstractCompilerMojo'

Classes redefined (0 events):
No events

Internal exceptions (20 events):
Event: 770.226 Thread 0x0000019b85dfe3d0 Exception <a 'java/lang/IncompatibleClassChangeError'{0x00000000d55ef268}: Found class java.lang.Object, but interface was expected> (0x00000000d55ef268) 
thrown [s\src\hotspot\share\interpreter\linkResolver.cpp, line 840]
Event: 770.438 Thread 0x0000019b852c2e20 Exception <a 'java/lang/NoSuchMethodError'{0x00000000d57de9d8}: 'java.lang.Object java.lang.invoke.DirectMethodHandle$Holder.invokeStatic(java.lang.Object, int, int, java.lang.Object)'> (0x00000000d57de9d8) 
thrown [s\src\hotspot\share\interpreter\linkResolver.cpp, line 773]
Event: 770.485 Thread 0x0000019b852c2e20 Exception <a 'java/lang/NoSuchMethodError'{0x00000000d5597da8}: 'java.lang.Object java.lang.invoke.DirectMethodHandle$Holder.invokeStatic(java.lang.Object, int, java.lang.Object)'> (0x00000000d5597da8) 
thrown [s\src\hotspot\share\interpreter\linkResolver.cpp, line 773]
Event: 770.646 Thread 0x0000019b85dfe3d0 Exception <a 'java/lang/IncompatibleClassChangeError'{0x00000000d55bfa08}: Found class java.lang.Object, but interface was expected> (0x00000000d55bfa08) 
thrown [s\src\hotspot\share\interpreter\linkResolver.cpp, line 840]
Event: 773.641 Thread 0x0000019b846f0de0 Exception <a 'sun/nio/fs/WindowsException'{0x00000000d5692ad8}> (0x00000000d5692ad8) 
thrown [s\src\hotspot\share\prims\jni.cpp, line 520]
Event: 777.406 Thread 0x0000019b846f0de0 Exception <a 'sun/nio/fs/WindowsException'{0x00000000d5580790}> (0x00000000d5580790) 
thrown [s\src\hotspot\share\prims\jni.cpp, line 520]
Event: 951.712 Thread 0x0000019b85dfe3d0 Exception <a 'java/lang/IncompatibleClassChangeError'{0x00000000d571bda8}: Found class java.lang.Object, but interface was expected> (0x00000000d571bda8) 
thrown [s\src\hotspot\share\interpreter\linkResolver.cpp, line 840]
Event: 956.440 Thread 0x0000019b85dfd020 Exception <a 'sun/nio/fs/WindowsException'{0x00000000d596e208}> (0x00000000d596e208) 
thrown [s\src\hotspot\share\prims\jni.cpp, line 520]
Event: 956.442 Thread 0x0000019b85dfd020 Exception <a 'sun/nio/fs/WindowsException'{0x00000000d596ed08}> (0x00000000d596ed08) 
thrown [s\src\hotspot\share\prims\jni.cpp, line 520]
Event: 956.458 Thread 0x0000019b85dfd020 Implicit null exception at 0x0000019bb152f986 to 0x0000019bb152fc88
Event: 956.639 Thread 0x0000019b85dfd020 Exception <a 'java/lang/NoSuchMethodError'{0x00000000d59eef90}: static [J.<clinit>()V> (0x00000000d59eef90) 
thrown [s\src\hotspot\share\prims\jni.cpp, line 1111]
Event: 1325.349 Thread 0x0000019b846f0de0 Exception <a 'sun/nio/fs/WindowsException'{0x00000000d57052a8}> (0x00000000d57052a8) 
thrown [s\src\hotspot\share\prims\jni.cpp, line 520]
Event: 1326.351 Thread 0x0000019b846f0de0 Exception <a 'sun/nio/fs/WindowsException'{0x00000000d56e6bb8}> (0x00000000d56e6bb8) 
thrown [s\src\hotspot\share\prims\jni.cpp, line 520]
Event: 1626.620 Thread 0x0000019b852c1a70 Exception <a 'sun/nio/fs/WindowsException'{0x00000000d56d6d68}> (0x00000000d56d6d68) 
thrown [s\src\hotspot\share\prims\jni.cpp, line 520]
Event: 1626.628 Thread 0x0000019b852c1a70 Exception <a 'sun/nio/fs/WindowsException'{0x00000000d56d7868}> (0x00000000d56d7868) 
thrown [s\src\hotspot\share\prims\jni.cpp, line 520]
Event: 1719.917 Thread 0x0000019b852c0030 Exception <a 'java/lang/NoSuchMethodError'{0x00000000d57fa968}: 'java.lang.Object java.lang.invoke.DirectMethodHandle$Holder.newInvokeSpecial(java.lang.Object, java.lang.Object, int, java.lang.Object, java.lang.Object, java.lang.Object, java.lang.Object)'> (0x00000000d57fa968) 
thrown [s\src\hotspot\share\interpreter\linkResolver.cpp, line 773]
Event: 1783.295 Thread 0x0000019b846f0de0 Exception <a 'sun/nio/fs/WindowsException'{0x00000000d56364d0}> (0x00000000d56364d0) 
thrown [s\src\hotspot\share\prims\jni.cpp, line 520]
Event: 1785.146 Thread 0x0000019b846f0de0 Exception <a 'sun/nio/fs/WindowsException'{0x00000000d55807f8}> (0x00000000d55807f8) 
thrown [s\src\hotspot\share\prims\jni.cpp, line 520]
Event: 2084.792 Thread 0x0000019b852c2e20 Exception <a 'sun/nio/fs/WindowsException'{0x00000000d59e8bf0}> (0x00000000d59e8bf0) 
thrown [s\src\hotspot\share\prims\jni.cpp, line 520]
Event: 2084.801 Thread 0x0000019b852c2e20 Exception <a 'sun/nio/fs/WindowsException'{0x00000000d59eb390}> (0x00000000d59eb390) 
thrown [s\src\hotspot\share\prims\jni.cpp, line 520]

ZGC Phase Switch (0 events):
No events

VM Operations (20 events):
Event: 1949.237 Executing safepoint VM operation: Cleanup
Event: 1949.238 Executing safepoint VM operation: Cleanup done
Event: 1949.556 Executing safepoint VM operation: ParallelGCFailedAllocation (Allocation Failure)
Event: 1949.666 Executing safepoint VM operation: ParallelGCFailedAllocation (Allocation Failure) done
Event: 1949.840 Executing safepoint VM operation: ParallelGCFailedAllocation (Allocation Failure)
Event: 1949.862 Executing safepoint VM operation: ParallelGCFailedAllocation (Allocation Failure) done
Event: 1958.930 Executing safepoint VM operation: Cleanup
Event: 1958.930 Executing safepoint VM operation: Cleanup done
Event: 1962.944 Executing safepoint VM operation: Cleanup
Event: 1962.944 Executing safepoint VM operation: Cleanup done
Event: 1985.108 Executing non-safepoint VM operation: HandshakeAllThreads (HandshakeForDeflation)
Event: 1985.110 Executing non-safepoint VM operation: HandshakeAllThreads (HandshakeForDeflation) done
Event: 1985.110 Executing non-safepoint VM operation: RendezvousGCThreads
Event: 1985.110 Executing non-safepoint VM operation: RendezvousGCThreads done
Event: 2085.633 Executing safepoint VM operation: Cleanup
Event: 2085.633 Executing safepoint VM operation: Cleanup done
Event: 2105.487 Executing non-safepoint VM operation: HandshakeAllThreads (HandshakeForDeflation)
Event: 2105.488 Executing non-safepoint VM operation: HandshakeAllThreads (HandshakeForDeflation) done
Event: 2105.488 Executing non-safepoint VM operation: RendezvousGCThreads
Event: 2105.488 Executing non-safepoint VM operation: RendezvousGCThreads done

Memory protections (0 events):
No events

Nmethod flushes (20 events):
Event: 1787.859 Thread 0x0000019ba4cbafa0 flushing  nmethod 0x0000019baa35e510
Event: 1787.859 Thread 0x0000019ba4cbafa0 flushing  nmethod 0x0000019baa362a90
Event: 1787.860 Thread 0x0000019ba4cbafa0 flushing  nmethod 0x0000019baa36a110
Event: 1787.860 Thread 0x0000019ba4cbafa0 flushing  nmethod 0x0000019baa377c10
Event: 1787.860 Thread 0x0000019ba4cbafa0 flushing  nmethod 0x0000019baa380210
Event: 1787.860 Thread 0x0000019ba4cbafa0 flushing  nmethod 0x0000019baa380910
Event: 1787.860 Thread 0x0000019ba4cbafa0 flushing  nmethod 0x0000019baa381990
Event: 1787.860 Thread 0x0000019ba4cbafa0 flushing  nmethod 0x0000019baa3bcc10
Event: 1787.860 Thread 0x0000019ba4cbafa0 flushing  nmethod 0x0000019baa3be410
Event: 1787.860 Thread 0x0000019ba4cbafa0 flushing  nmethod 0x0000019baa3bf910
Event: 1787.860 Thread 0x0000019ba4cbafa0 flushing  nmethod 0x0000019baa3c0090
Event: 1787.860 Thread 0x0000019ba4cbafa0 flushing  nmethod 0x0000019baa421010
Event: 1787.860 Thread 0x0000019ba4cbafa0 flushing  nmethod 0x0000019baa42c390
Event: 1787.860 Thread 0x0000019ba4cbafa0 flushing  nmethod 0x0000019baa449c90
Event: 1787.860 Thread 0x0000019ba4cbafa0 flushing  nmethod 0x0000019baa456b90
Event: 1787.860 Thread 0x0000019ba4cbafa0 flushing  nmethod 0x0000019baa466710
Event: 1787.860 Thread 0x0000019ba4cbafa0 flushing  nmethod 0x0000019baa46c010
Event: 1787.860 Thread 0x0000019ba4cbafa0 flushing  nmethod 0x0000019baa481290
Event: 1787.860 Thread 0x0000019ba4cbafa0 flushing  nmethod 0x0000019baa4b6310
Event: 1787.860 Thread 0x0000019ba4cbafa0 flushing  nmethod 0x0000019baa586790

Events (20 events):
Event: 1958.379 Thread 0x0000019b85dfe3d0 Thread added: 0x0000019b852c2790
Event: 1958.388 Thread 0x0000019b852c2790 Thread exited: 0x0000019b852c2790
Event: 1959.464 Thread 0x0000019b85dfe3d0 Thread added: 0x0000019b852c2790
Event: 1959.520 Thread 0x0000019b852c2790 Thread exited: 0x0000019b852c2790
Event: 1959.538 Thread 0x0000019b85dfe3d0 Thread added: 0x0000019b852c2790
Event: 1959.556 Thread 0x0000019b852c2790 Thread exited: 0x0000019b852c2790
Event: 1960.703 Thread 0x0000019b85dfe3d0 Thread added: 0x0000019b852c2790
Event: 1960.711 Thread 0x0000019b852c2790 Thread exited: 0x0000019b852c2790
Event: 1961.356 Thread 0x0000019b85dfe3d0 Thread added: 0x0000019b852c2790
Event: 1961.808 Thread 0x0000019b852c2790 Thread exited: 0x0000019b852c2790
Event: 1961.817 Thread 0x0000019b85dfe3d0 Thread added: 0x0000019b852bf9a0
Event: 1962.197 Thread 0x0000019b85dfe3d0 Thread added: 0x0000019b852c2790
Event: 1962.200 Thread 0x0000019b85dfe3d0 Thread added: 0x0000019b852c0030
Event: 1962.274 Thread 0x0000019b852bf9a0 Thread exited: 0x0000019b852bf9a0
Event: 1962.557 Thread 0x0000019b852c0030 Thread exited: 0x0000019b852c0030
Event: 1962.657 Thread 0x0000019b852c2790 Thread exited: 0x0000019b852c2790
Event: 2084.710 Thread 0x0000019b852c2e20 Thread added: 0x0000019b852bf9a0
Event: 2084.745 Thread 0x0000019b852bf9a0 Thread exited: 0x0000019b852bf9a0
Event: 2084.826 Thread 0x0000019b852c2e20 Thread added: 0x0000019b852c2790
Event: 2084.835 Thread 0x0000019b852c2790 Thread exited: 0x0000019b852c2790


Dynamic libraries:
0x00007ff78ff10000 - 0x00007ff78ff1e000 	c:\Users\ASUS\.vscode\extensions\redhat.java-1.55.0-win32-x64\jre\21.0.11-win32-x86_64\bin\java.exe
0x00007ffaaab40000 - 0x00007ffaaada6000 	C:\WINDOWS\SYSTEM32\ntdll.dll
0x00007ffaaa8c0000 - 0x00007ffaaa989000 	C:\WINDOWS\System32\KERNEL32.DLL
0x00007ffaa7ec0000 - 0x00007ffaa82be000 	C:\WINDOWS\System32\KERNELBASE.dll
0x00007ffaa8650000 - 0x00007ffaa879c000 	C:\WINDOWS\System32\ucrtbase.dll
0x00007ffa946b0000 - 0x00007ffa946c8000 	c:\Users\ASUS\.vscode\extensions\redhat.java-1.55.0-win32-x64\jre\21.0.11-win32-x86_64\bin\jli.dll
0x00007ffaa9320000 - 0x00007ffaa94e7000 	C:\WINDOWS\System32\USER32.dll
0x00007ffaa7d60000 - 0x00007ffaa7d87000 	C:\WINDOWS\System32\win32u.dll
0x00007ffaa9ea0000 - 0x00007ffaa9ecb000 	C:\WINDOWS\System32\GDI32.dll
0x00007ffaa7d90000 - 0x00007ffaa7eba000 	C:\WINDOWS\System32\gdi32full.dll
0x00007ffaa82d0000 - 0x00007ffaa8373000 	C:\WINDOWS\System32\msvcp_win.dll
0x00007ffa8e370000 - 0x00007ffa8e38e000 	c:\Users\ASUS\.vscode\extensions\redhat.java-1.55.0-win32-x64\jre\21.0.11-win32-x86_64\bin\VCRUNTIME140.dll
0x00007ffa91d80000 - 0x00007ffa92012000 	C:\WINDOWS\WinSxS\amd64_microsoft.windows.common-controls_6595b64144ccf1df_6.0.26100.8875_none_3e0d5d42e32fe9dd\COMCTL32.dll
0x00007ffaaa800000 - 0x00007ffaaa8a9000 	C:\WINDOWS\System32\msvcrt.dll
0x00007ffaa92e0000 - 0x00007ffaa9312000 	C:\WINDOWS\System32\IMM32.DLL
0x00007ffaa1dd0000 - 0x00007ffaa1ddc000 	c:\Users\ASUS\.vscode\extensions\redhat.java-1.55.0-win32-x64\jre\21.0.11-win32-x86_64\bin\vcruntime140_1.dll
0x00007ffa71a70000 - 0x00007ffa71afd000 	c:\Users\ASUS\.vscode\extensions\redhat.java-1.55.0-win32-x64\jre\21.0.11-win32-x86_64\bin\msvcp140.dll
0x00007ffa2cff0000 - 0x00007ffa2dd92000 	c:\Users\ASUS\.vscode\extensions\redhat.java-1.55.0-win32-x64\jre\21.0.11-win32-x86_64\bin\server\jvm.dll
0x00007ffaa8870000 - 0x00007ffaa8927000 	C:\WINDOWS\System32\ADVAPI32.dll
0x00007ffaa89b0000 - 0x00007ffaa8a5a000 	C:\WINDOWS\System32\sechost.dll
0x00007ffaaa9e0000 - 0x00007ffaaaaf8000 	C:\WINDOWS\System32\RPCRT4.dll
0x00007ffaaa360000 - 0x00007ffaaa3e0000 	C:\WINDOWS\System32\WS2_32.dll
0x00007ffaa7bc0000 - 0x00007ffaa7c1e000 	C:\WINDOWS\SYSTEM32\POWRPROF.dll
0x00007ffa93340000 - 0x00007ffa93376000 	C:\WINDOWS\SYSTEM32\WINMM.dll
0x00007ffa97b30000 - 0x00007ffa97b3b000 	C:\WINDOWS\SYSTEM32\VERSION.dll
0x00007ffaa7ba0000 - 0x00007ffaa7bb4000 	C:\WINDOWS\SYSTEM32\UMPDC.dll
0x00007ffaa6a40000 - 0x00007ffaa6a5b000 	C:\WINDOWS\SYSTEM32\kernel.appcore.dll
0x00007ffaa1d30000 - 0x00007ffaa1d3a000 	c:\Users\ASUS\.vscode\extensions\redhat.java-1.55.0-win32-x64\jre\21.0.11-win32-x86_64\bin\jimage.dll
0x00007ffaa5290000 - 0x00007ffaa54d2000 	C:\WINDOWS\SYSTEM32\DBGHELP.DLL
0x00007ffaa8f50000 - 0x00007ffaa92d3000 	C:\WINDOWS\System32\combase.dll
0x00007ffaa8e70000 - 0x00007ffaa8f49000 	C:\WINDOWS\System32\OLEAUT32.dll
0x00007ffa94b70000 - 0x00007ffa94bab000 	C:\WINDOWS\SYSTEM32\dbgcore.DLL
0x00007ffaa8590000 - 0x00007ffaa863c000 	C:\WINDOWS\System32\bcryptPrimitives.dll
0x00007ffaa1ca0000 - 0x00007ffaa1caf000 	c:\Users\ASUS\.vscode\extensions\redhat.java-1.55.0-win32-x64\jre\21.0.11-win32-x86_64\bin\instrument.dll
0x00007ffa95300000 - 0x00007ffa95320000 	c:\Users\ASUS\.vscode\extensions\redhat.java-1.55.0-win32-x64\jre\21.0.11-win32-x86_64\bin\java.dll
0x00007ffaa9600000 - 0x00007ffaa9d92000 	C:\WINDOWS\System32\SHELL32.dll
0x00007ffaa5840000 - 0x00007ffaa60d2000 	C:\WINDOWS\SYSTEM32\windows.storage.dll
0x00007ffaa8b40000 - 0x00007ffaa8c37000 	C:\WINDOWS\System32\SHCORE.dll
0x00007ffaa9da0000 - 0x00007ffaa9e07000 	C:\WINDOWS\System32\shlwapi.dll
0x00007ffaa7c80000 - 0x00007ffaa7ca9000 	C:\WINDOWS\SYSTEM32\profapi.dll
0x00007ffa8ac50000 - 0x00007ffa8ac68000 	c:\Users\ASUS\.vscode\extensions\redhat.java-1.55.0-win32-x64\jre\21.0.11-win32-x86_64\bin\zip.dll
0x00007ffa94570000 - 0x00007ffa94580000 	C:\Users\ASUS\.vscode\extensions\redhat.java-1.55.0-win32-x64\jre\21.0.11-win32-x86_64\bin\net.dll
0x00007ffa984e0000 - 0x00007ffa98607000 	C:\WINDOWS\SYSTEM32\WINHTTP.dll
0x00007ffaa6ff0000 - 0x00007ffaa705c000 	C:\WINDOWS\system32\mswsock.dll
0x00007ffa8aab0000 - 0x00007ffa8aac6000 	C:\Users\ASUS\.vscode\extensions\redhat.java-1.55.0-win32-x64\jre\21.0.11-win32-x86_64\bin\nio.dll
0x00007ffa94510000 - 0x00007ffa94520000 	c:\Users\ASUS\.vscode\extensions\redhat.java-1.55.0-win32-x64\jre\21.0.11-win32-x86_64\bin\verify.dll
0x00007ffa88640000 - 0x00007ffa88685000 	C:\Users\ASUS\AppData\Roaming\Code\User\globalStorage\redhat.java\1.55.0\config_win\org.eclipse.equinox.launcher\org.eclipse.equinox.launcher.win32.win32.x86_64_1.3.100.v20260613-0559\eclipse_11924.dll
0x00007ffaa8cd0000 - 0x00007ffaa8e69000 	C:\WINDOWS\System32\ole32.dll
0x00007ffaa72f0000 - 0x00007ffaa730b000 	C:\WINDOWS\SYSTEM32\CRYPTSP.dll
0x00007ffaa69a0000 - 0x00007ffaa69d9000 	C:\WINDOWS\system32\rsaenh.dll
0x00007ffaa70b0000 - 0x00007ffaa70e2000 	C:\WINDOWS\SYSTEM32\USERENV.dll
0x00007ffaa7c50000 - 0x00007ffaa7c7a000 	C:\WINDOWS\SYSTEM32\bcrypt.dll
0x00007ffaa7310000 - 0x00007ffaa731c000 	C:\WINDOWS\SYSTEM32\CRYPTBASE.dll
0x00007ffaa64c0000 - 0x00007ffaa64f3000 	C:\WINDOWS\SYSTEM32\IPHLPAPI.DLL
0x00007ffaa94f0000 - 0x00007ffaa94fa000 	C:\WINDOWS\System32\NSI.dll
0x00007ffa894f0000 - 0x00007ffa89539000 	C:\Users\ASUS\AppData\Local\Temp\jna-2018896\jna3554446688587793242.dll
0x00007ffaa8a90000 - 0x00007ffaa8a98000 	C:\WINDOWS\System32\PSAPI.DLL
0x00007ffa984b0000 - 0x00007ffa984cd000 	C:\WINDOWS\SYSTEM32\dhcpcsvc6.DLL
0x00007ffa98480000 - 0x00007ffa984a5000 	C:\WINDOWS\SYSTEM32\dhcpcsvc.DLL
0x00007ffa8bff0000 - 0x00007ffa8bffe000 	C:\Users\ASUS\.vscode\extensions\redhat.java-1.55.0-win32-x64\jre\21.0.11-win32-x86_64\bin\sunmscapi.dll
0x00007ffaa8380000 - 0x00007ffaa84f8000 	C:\WINDOWS\System32\CRYPT32.dll
0x00007ffaa7530000 - 0x00007ffaa7560000 	C:\WINDOWS\SYSTEM32\ncrypt.dll
0x00007ffaa74e0000 - 0x00007ffaa751f000 	C:\WINDOWS\SYSTEM32\NTASN1.dll
0x00007ffaa6500000 - 0x00007ffaa6656000 	C:\WINDOWS\SYSTEM32\DNSAPI.dll
0x00007ffaa6dd0000 - 0x00007ffaa6ddd000 	C:\WINDOWS\SYSTEM32\DSPARSE.dll
0x00007ffa91be0000 - 0x00007ffa91beb000 	C:\Windows\System32\rasadhlp.dll
0x00007ffa98030000 - 0x00007ffa980b6000 	C:\WINDOWS\System32\fwpuclnt.dll
0x00007ffa8ac40000 - 0x00007ffa8ac49000 	C:\Users\ASUS\.vscode\extensions\redhat.java-1.55.0-win32-x64\jre\21.0.11-win32-x86_64\bin\extnet.dll
0x00007ffaa6b70000 - 0x00007ffaa6ba6000 	C:\WINDOWS\SYSTEM32\ntmarta.dll

JVMTI agents:
c:\Users\ASUS\.vscode\extensions\redhat.java-1.55.0-win32-x64\lombok\lombok-1.18.39-4050.jar path:c:\Users\ASUS\.vscode\extensions\redhat.java-1.55.0-win32-x64\jre\21.0.11-win32-x86_64\bin\instrument.dll, loaded, initialized, instrumentlib options:none

dbghelp: loaded successfully - version: 4.0.5 - missing functions: none
symbol engine: initialized successfully - sym options: 0x614 - pdb path: .;c:\Users\ASUS\.vscode\extensions\redhat.java-1.55.0-win32-x64\jre\21.0.11-win32-x86_64\bin;C:\WINDOWS\SYSTEM32;C:\WINDOWS\WinSxS\amd64_microsoft.windows.common-controls_6595b64144ccf1df_6.0.26100.8875_none_3e0d5d42e32fe9dd;c:\Users\ASUS\.vscode\extensions\redhat.java-1.55.0-win32-x64\jre\21.0.11-win32-x86_64\bin\server;C:\Users\ASUS\AppData\Roaming\Code\User\globalStorage\redhat.java\1.55.0\config_win\org.eclipse.equinox.launcher\org.eclipse.equinox.launcher.win32.win32.x86_64_1.3.100.v20260613-0559;C:\Users\ASUS\AppData\Local\Temp\jna-2018896

VM Arguments:
jvm_args: --add-modules=ALL-SYSTEM --add-opens=java.base/java.util=ALL-UNNAMED --add-opens=java.base/java.lang=ALL-UNNAMED --add-opens=java.base/sun.nio.fs=ALL-UNNAMED -Declipse.application=org.eclipse.jdt.ls.core.id1 -Dosgi.bundles.defaultStartLevel=4 -Declipse.product=org.eclipse.jdt.ls.core.product -Djava.import.generatesMetadataFilesAtProjectRoot=false -DDetectVMInstallationsJob.disabled=true -Dfile.encoding=utf8 -XX:+UseParallelGC -XX:GCTimeRatio=4 -XX:AdaptiveSizePolicyWeight=90 -Dsun.zip.disableMemoryMapping=true -Xmx2G -Xms100m -Xlog:disable -javaagent:c:\Users\ASUS\.vscode\extensions\redhat.java-1.55.0-win32-x64\lombok\lombok-1.18.39-4050.jar -XX:+HeapDumpOnOutOfMemoryError -XX:HeapDumpPath=c:\Users\ASUS\AppData\Roaming\Code\User\workspaceStorage\8a2261c7dc75c5d48a79eb36663942b8\redhat.java -Daether.dependencyCollector.impl=bf 
java_command: c:\Users\ASUS\.vscode\extensions\redhat.java-1.55.0-win32-x64\server\plugins\org.eclipse.equinox.launcher_1.7.200.v20260619-2039.jar -configuration c:\Users\ASUS\AppData\Roaming\Code\User\globalStorage\redhat.java\1.55.0\config_win -data c:\Users\ASUS\AppData\Roaming\Code\User\workspaceStorage\8a2261c7dc75c5d48a79eb36663942b8\redhat.java\jdt_ws --pipe=\\.\pipe\lsp-0339f76d5fcd575c00668d43c0b7e840-sock
java_class_path (initial): c:\Users\ASUS\.vscode\extensions\redhat.java-1.55.0-win32-x64\server\plugins\org.eclipse.equinox.launcher_1.7.200.v20260619-2039.jar
Launcher Type: SUN_STANDARD

[Global flags]
    uintx AdaptiveSizePolicyWeight                 = 90                                        {product} {command line}
     intx CICompilerCount                          = 2                                         {product} {ergonomic}
    uintx GCTimeRatio                              = 4                                         {product} {command line}
     bool HeapDumpOnOutOfMemoryError               = true                                   {manageable} {command line}
    ccstr HeapDumpPath                             = c:\Users\ASUS\AppData\Roaming\Code\User\workspaceStorage\8a2261c7dc75c5d48a79eb36663942b8\redhat.java         {manageable} {command line}
   size_t InitialHeapSize                          = 104857600                                 {product} {command line}
   size_t MaxHeapSize                              = 2147483648                                {product} {command line}
   size_t MaxNewSize                               = 715653120                                 {product} {ergonomic}
   size_t MinHeapDeltaBytes                        = 524288                                    {product} {ergonomic}
   size_t MinHeapSize                              = 104857600                                 {product} {command line}
   size_t NewSize                                  = 34603008                                  {product} {ergonomic}
    uintx NonNMethodCodeHeapSize                   = 5826188                                {pd product} {ergonomic}
    uintx NonProfiledCodeHeapSize                  = 122916026                              {pd product} {ergonomic}
   size_t OldSize                                  = 70254592                                  {product} {ergonomic}
    uintx ProfiledCodeHeapSize                     = 122916026                              {pd product} {ergonomic}
    uintx ReservedCodeCacheSize                    = 251658240                              {pd product} {ergonomic}
     bool SegmentedCodeCache                       = true                                      {product} {ergonomic}
   size_t SoftMaxHeapSize                          = 2147483648                             {manageable} {ergonomic}
     bool UseCompressedOops                        = true                           {product lp64_product} {ergonomic}
     bool UseLargePagesIndividualAllocation        = false                                  {pd product} {ergonomic}
     bool UseParallelGC                            = true                                      {product} {command line}

Logging:
Log output configuration:
 #0: stdout all=off uptime,level,tags foldmultilines=false
 #1: stderr all=off uptime,level,tags foldmultilines=false

Release file:
JAVA_VERSION="21.0.11" 
MODULES="java.base java.compiler java.datatransfer java.xml java.prefs java.desktop java.instrument java.logging java.management java.security.sasl java.naming java.rmi java.management.rmi java.net.http java.scripting java.security.jgss java.transaction.xa java.sql java.sql.rowset java.xml.crypto java.se java.smartcardio jdk.accessibility jdk.internal.jvmstat jdk.attach jdk.charsets jdk.internal.opt jdk.zipfs jdk.compiler jdk.crypto.ec jdk.crypto.cryptoki jdk.crypto.mscapi jdk.dynalink jdk.internal.ed jdk.editpad jdk.hotspot.agent jdk.httpserver jdk.internal.le jdk.internal.vm.ci jdk.internal.vm.compiler jdk.internal.vm.compiler.management jdk.jartool jdk.javadoc jdk.jcmd jdk.management jdk.management.agent jdk.jconsole jdk.jdeps jdk.jdwp.agent jdk.jdi jdk.jfr jdk.jshell jdk.jsobject jdk.jstatd jdk.localedata jdk.management.jfr jdk.naming.dns jdk.naming.rmi jdk.net jdk.nio.mapmode jdk.random jdk.sctp jdk.security.auth jdk.security.jgss jdk.unsupported jdk.unsupported.desktop jdk.xml.dom" 

Environment Variables:
JAVA_HOME=C:\Program Files\Eclipse Adoptium\jdk-21.0.11.10-hotspot
PATH=C:\Program Files\Eclipse Adoptium\jdk-21.0.11.10-hotspot\bin;C:\Python314\Scripts\;C:\Python314\;C:\Python313\Scripts\;C:\Python313\;C:\Program Files\Git\cmd\git.exe;C:\ProgramData\chocolatey\bin;C:\Program Files\Microsoft SQL Server\Client SDK\ODBC\170\Tools\Binn\;C:\Program Files\Microsoft SQL Server\160\DTS\Binn\;C:\Program Files\Java\jdk-21\bin;C:\Program Files\Java\jdk-21.0.10\bin;C:\Program Files\nodejs\;C:\Program Files\Eclipse Adoptium\jdk-21.0.11.10-hotspot\bin;C:\Users\ASUS\Downloads\Maven\apache-maven-3.9.16\bin;C:\Users\ASUS\AppData\Local\Microsoft\WindowsApps;C:\Users\ASUS\AppData\Local\Programs\Microsoft VS Code\bin;C:\ProgramData\Microsoft\Windows\Start Menu\Programs\Git;C:\Users\ASUS\Desktop\PyCharm 2025.2\bin;C:\Users\ASUS\AppData\Roaming\npm
USERNAME=ASUS
OS=Windows_NT
PROCESSOR_IDENTIFIER=Intel64 Family 6 Model 122 Stepping 8, GenuineIntel
TMP=C:\Users\ASUS\AppData\Local\Temp
TEMP=C:\Users\ASUS\AppData\Local\Temp




Periodic native trim disabled

---------------  S Y S T E M  ---------------

OS:
 Windows 11 , 64 bit Build 26100 (10.0.26100.8875)
OS uptime: 0 days 2:39 hours

CPU: total 2 (initial active 2) (2 cores per cpu, 1 threads per core) family 6 model 122 stepping 8 microcode 0x22, cx8, cmov, fxsr, mmx, 3dnowpref, sse, sse2, sse3, ssse3, sse4.1, sse4.2, popcnt, tsc, tscinvbit, aes, erms, clmul, sha, clflush, clflushopt, rdtscp, rdpid
Processor Information for the first 2 processors :
  Max Mhz: 1101, Current Mhz: 1101, Mhz Limit: 1101

Memory: 4k page, system-wide physical 3918M (236M free)
TotalPageFile size 15694M (AvailPageFile size 3M)
current process WorkingSet (physical memory assigned to process): 12M, peak: 348M
current process commit charge ("private bytes"): 657M, peak: 660M

vm_info: OpenJDK 64-Bit Server VM (21.0.11+10-LTS) for windows-amd64 JRE (21.0.11+10-LTS), built on 2026-04-21T00:00:00Z by "admin" with MS VC++ 17.12 (VS2022)

END.
