#
# There is insufficient memory for the Java Runtime Environment to continue.
# Native memory allocation (malloc) failed to allocate 1048576 bytes. Error detail: AllocateHeap
# Possible reasons:
#   The system is out of physical RAM or swap space
#   This process is running with CompressedOops enabled, and the Java Heap may be blocking the growth of the native heap
# Possible solutions:
#   Reduce memory load on the system
#   Increase physical memory or swap space
#   Check if swap backing store is full
#   Decrease Java heap size (-Xmx/-Xms)
#   Decrease number of Java threads
#   Decrease Java thread stack sizes (-Xss)
#   Set larger code cache with -XX:ReservedCodeCacheSize=
#   JVM is running with Unscaled Compressed Oops mode in which the Java heap is
#     placed in the first 4GB address space. The Java Heap base address is the
#     maximum limit for the native heap growth. Please use -XX:HeapBaseMinAddress
#     to set the Java Heap base and to place the Java Heap above 4GB virtual address.
# This output file may be truncated or incomplete.
#
#  Out of Memory Error (allocation.cpp:44), pid=21860, tid=19896
#
# JRE version: OpenJDK Runtime Environment Temurin-21.0.11+10 (21.0.11+10) (build 21.0.11+10-LTS)
# Java VM: OpenJDK 64-Bit Server VM Temurin-21.0.11+10 (21.0.11+10-LTS, mixed mode, sharing, tiered, compressed oops, compressed class ptrs, parallel gc, windows-amd64)
# No core dump will be written. Minidumps are not enabled by default on client versions of Windows
#

---------------  S U M M A R Y ------------

Command Line: --add-modules=ALL-SYSTEM --add-opens=java.base/java.util=ALL-UNNAMED --add-opens=java.base/java.lang=ALL-UNNAMED --add-opens=java.base/sun.nio.fs=ALL-UNNAMED -Declipse.application=org.eclipse.jdt.ls.core.id1 -Dosgi.bundles.defaultStartLevel=4 -Declipse.product=org.eclipse.jdt.ls.core.product -Djava.import.generatesMetadataFilesAtProjectRoot=false -DDetectVMInstallationsJob.disabled=true -Dfile.encoding=utf8 -XX:+UseParallelGC -XX:GCTimeRatio=4 -XX:AdaptiveSizePolicyWeight=90 -Dsun.zip.disableMemoryMapping=true -Xmx2G -Xms100m -Xlog:disable -javaagent:c:\Users\ASUS\.vscode\extensions\redhat.java-1.55.0-win32-x64\lombok\lombok-1.18.39-4050.jar -XX:+HeapDumpOnOutOfMemoryError -XX:HeapDumpPath=c:\Users\ASUS\AppData\Roaming\Code\User\workspaceStorage\8a2261c7dc75c5d48a79eb36663942b8\redhat.java -Daether.dependencyCollector.impl=bf c:\Users\ASUS\.vscode\extensions\redhat.java-1.55.0-win32-x64\server\plugins\org.eclipse.equinox.launcher_1.7.200.v20260619-2039.jar -configuration c:\Users\ASUS\AppData\Roaming\Code\User\globalStorage\redhat.java\1.55.0\config_win -data c:\Users\ASUS\AppData\Roaming\Code\User\workspaceStorage\8a2261c7dc75c5d48a79eb36663942b8\redhat.java\jdt_ws --pipe=\\.\pipe\lsp-e8c627d495a9ef4850776f8be7c03408-sock

Host: Intel(R) Celeron(R) N4020 CPU @ 1.10GHz, 2 cores, 3G,  Windows 11 , 64 bit Build 26100 (10.0.26100.8875)
Time: Fri Jul 17 12:57:18 2026 India Standard Time elapsed time: 3476.123777 seconds (0d 0h 57m 56s)

---------------  T H R E A D  ---------------

Current thread (0x00000273fcf7d080):  JavaThread "Attach Listener" daemon [_thread_in_vm, id=19896, stack(0x000000888c900000,0x000000888ca00000) (1024K)]

Stack: [0x000000888c900000,0x000000888ca00000]
Native frames: (J=compiled Java code, j=interpreted, Vv=VM code, C=native code)
V  [jvm.dll+0x6d7e19]
V  [jvm.dll+0x8b5096]
V  [jvm.dll+0x8b764e]
V  [jvm.dll+0x8b7d33]
V  [jvm.dll+0x284596]
V  [jvm.dll+0xc13c7]
V  [jvm.dll+0x6d86c9]
V  [jvm.dll+0x133616]
V  [jvm.dll+0x3f868e]
V  [jvm.dll+0x85fb0d]
V  [jvm.dll+0x6d664d]
C  [ucrtbase.dll+0x2cd30]
C  [KERNEL32.DLL+0x2e957]
C  [ntdll.dll+0xaad6c]


---------------  P R O C E S S  ---------------

Threads class SMR info:
_java_thread_list=0x00000273fee04a60, length=31, elements={
0x00000273e65cb960, 0x00000273fcf77490, 0x00000273fcf79720, 0x00000273fcf7c620,
0x00000273fcf7d080, 0x00000273fcf84140, 0x00000273fcf80a90, 0x00000273fcf818d0,
0x00000273fcff9fe0, 0x00000273fd70c960, 0x00000273fd803340, 0x00000273fd6078a0,
0x00000273fdd82700, 0x00000273fdecd660, 0x00000273fd845030, 0x00000273fd9724a0,
0x00000273fdb49420, 0x00000273fe107320, 0x00000273fe507ab0, 0x00000273fe506d90,
0x00000273fdbeb3a0, 0x00000273fdbeba30, 0x00000273fdbead10, 0x00000273fdbed470,
0x00000273fdbec0c0, 0x00000273fdbec750, 0x00000273fdbe9ff0, 0x00000273c54117e0,
0x00000273c5412b90, 0x00000273c5413220, 0x00000273c54138b0
}

Java Threads: ( => current thread )
  0x00000273e65cb960 JavaThread "main"                              [_thread_blocked, id=22084, stack(0x000000888c200000,0x000000888c300000) (1024K)]
  0x00000273fcf77490 JavaThread "Reference Handler"          daemon [_thread_blocked, id=14128, stack(0x000000888c600000,0x000000888c700000) (1024K)]
  0x00000273fcf79720 JavaThread "Finalizer"                  daemon [_thread_blocked, id=21196, stack(0x000000888c700000,0x000000888c800000) (1024K)]
  0x00000273fcf7c620 JavaThread "Signal Dispatcher"          daemon [_thread_blocked, id=15384, stack(0x000000888c800000,0x000000888c900000) (1024K)]
=>0x00000273fcf7d080 JavaThread "Attach Listener"            daemon [_thread_in_vm, id=19896, stack(0x000000888c900000,0x000000888ca00000) (1024K)]
  0x00000273fcf84140 JavaThread "Service Thread"             daemon [_thread_blocked, id=5192, stack(0x000000888ca00000,0x000000888cb00000) (1024K)]
  0x00000273fcf80a90 JavaThread "Monitor Deflation Thread"   daemon [_thread_blocked, id=21812, stack(0x000000888cb00000,0x000000888cc00000) (1024K)]
  0x00000273fcf818d0 JavaThread "C2 CompilerThread0"         daemon [_thread_blocked, id=21748, stack(0x000000888cc00000,0x000000888cd00000) (1024K)]
  0x00000273fcff9fe0 JavaThread "C1 CompilerThread0"         daemon [_thread_blocked, id=19808, stack(0x000000888cd00000,0x000000888ce00000) (1024K)]
  0x00000273fd70c960 JavaThread "Common-Cleaner"             daemon [_thread_blocked, id=22020, stack(0x000000888ce00000,0x000000888cf00000) (1024K)]
  0x00000273fd803340 JavaThread "Notification Thread"        daemon [_thread_blocked, id=13632, stack(0x000000888cf00000,0x000000888d000000) (1024K)]
  0x00000273fd6078a0 JavaThread "Active Thread: Equinox Container: 3defe898-9240-45c3-a68f-1c6271ef53ab"        [_thread_blocked, id=20876, stack(0x000000888d100000,0x000000888d200000) (1024K)]
  0x00000273fdd82700 JavaThread "Refresh Thread: Equinox Container: 3defe898-9240-45c3-a68f-1c6271ef53ab" daemon [_thread_blocked, id=17680, stack(0x000000888c000000,0x000000888c100000) (1024K)]
  0x00000273fdecd660 JavaThread "Framework Event Dispatcher: Equinox Container: 3defe898-9240-45c3-a68f-1c6271ef53ab" daemon [_thread_blocked, id=19368, stack(0x000000888d200000,0x000000888d300000) (1024K)]
  0x00000273fd845030 JavaThread "Start Level: Equinox Container: 3defe898-9240-45c3-a68f-1c6271ef53ab" daemon [_thread_blocked, id=664, stack(0x000000888d300000,0x000000888d400000) (1024K)]
  0x00000273fd9724a0 JavaThread "Bundle File Closer"         daemon [_thread_blocked, id=1432, stack(0x000000888d400000,0x000000888d500000) (1024K)]
  0x00000273fdb49420 JavaThread "SCR Component Actor"        daemon [_thread_blocked, id=17052, stack(0x000000888d500000,0x000000888d600000) (1024K)]
  0x00000273fe107320 JavaThread "Worker-JM"                         [_thread_blocked, id=19940, stack(0x000000888d600000,0x000000888d700000) (1024K)]
  0x00000273fe507ab0 JavaThread "JNA Cleaner"                daemon [_thread_blocked, id=19008, stack(0x000000888d800000,0x000000888d900000) (1024K)]
  0x00000273fe506d90 JavaThread "Java indexing"              daemon [_thread_blocked, id=17716, stack(0x000000888dc00000,0x000000888dd00000) (1024K)]
  0x00000273fdbeb3a0 JavaThread "Thread-1"                   daemon [_thread_in_native, id=20616, stack(0x000000888e300000,0x000000888e400000) (1024K)]
  0x00000273fdbeba30 JavaThread "Thread-2"                   daemon [_thread_in_native, id=17960, stack(0x000000888e400000,0x000000888e500000) (1024K)]
  0x00000273fdbead10 JavaThread "Thread-3"                   daemon [_thread_in_native, id=14640, stack(0x000000888e500000,0x000000888e600000) (1024K)]
  0x00000273fdbed470 JavaThread "pool-2-thread-1"                   [_thread_blocked, id=19888, stack(0x000000888e600000,0x000000888e700000) (1024K)]
  0x00000273fdbec0c0 JavaThread "WorkspaceEventsHandler"            [_thread_blocked, id=18676, stack(0x000000888e700000,0x000000888e800000) (1024K)]
  0x00000273fdbec750 JavaThread "pool-1-thread-1"                   [_thread_blocked, id=8228, stack(0x000000888e800000,0x000000888e900000) (1024K)]
  0x00000273fdbe9ff0 JavaThread "Worker-7"                          [_thread_blocked, id=5948, stack(0x000000888c100000,0x000000888c200000) (1024K)]
  0x00000273c54117e0 JavaThread "Cleaner-0"                  daemon [_thread_blocked, id=14968, stack(0x000000888df00000,0x000000888e000000) (1024K)]
  0x00000273c5412b90 JavaThread "PatternSearchJob-worker-4"  daemon [_thread_blocked, id=21444, stack(0x000000888dd00000,0x000000888de00000) (1024K)]
  0x00000273c5413220 JavaThread "Worker-15"                         [_thread_blocked, id=18348, stack(0x000000888da00000,0x000000888db00000) (1024K)]
  0x00000273c54138b0 JavaThread "Compiler Class File Writer" daemon [_thread_blocked, id=17560, stack(0x000000888e100000,0x000000888e200000) (1024K)]
Total: 31

Other Threads:
  0x00000273e668b970 VMThread "VM Thread"                           [id=21200, stack(0x000000888c500000,0x000000888c600000) (1024K)]
  0x00000273fcf5cb00 WatcherThread "VM Periodic Task Thread"        [id=21216, stack(0x000000888c400000,0x000000888c500000) (1024K)]
  0x00000273e65ea1c0 WorkerThread "GC Thread#0"                     [id=21804, stack(0x000000888c300000,0x000000888c400000) (1024K)]
  0x00000273fdb04c10 WorkerThread "GC Thread#1"                     [id=19944, stack(0x000000888d000000,0x000000888d100000) (1024K)]
Total: 4

Threads with active compile tasks:
Total: 0

VM state: not at safepoint (normal execution)

VM Mutex/Monitor currently owned by a thread: None

Heap address: 0x0000000080000000, size: 2048 MB, Compressed Oops mode: 32-bit

CDS archive(s) mapped at: [0x0000027380000000-0x0000027380ba0000-0x0000027380ba0000), size 12189696, SharedBaseAddress: 0x0000027380000000, ArchiveRelocationMode: 1.
Compressed class space mapped at: 0x0000027381000000-0x00000273c1000000, reserved size: 1073741824
Narrow klass base: 0x0000027380000000, Narrow klass shift: 0, Narrow klass range: 0x100000000

GC Precious Log:
 CardTable entry size: 512
 CPUs: 2 total, 2 available
 Memory: 3918M
 Large Page Support: Disabled
 NUMA Support: Disabled
 Compressed Oops: Enabled (32-bit)
 Alignments: Space 512K, Generation 512K, Heap 2M
 Heap Min Capacity: 100M
 Heap Initial Capacity: 100M
 Heap Max Capacity: 2G
 Pre-touch: Disabled
 Parallel Workers: 2

Heap:
 PSYoungGen      total 1536K, used 336K [0x00000000d5580000, 0x00000000d5800000, 0x0000000100000000)
  eden space 1024K, 20% used [0x00000000d5580000,0x00000000d55b4378,0x00000000d5680000)
  from space 512K, 25% used [0x00000000d5700000,0x00000000d5720020,0x00000000d5780000)
  to   space 512K, 0% used [0x00000000d5780000,0x00000000d5780000,0x00000000d5800000)
 ParOldGen       total 713728K, used 713354K [0x0000000080000000, 0x00000000ab900000, 0x00000000d5580000)
  object space 713728K, 99% used [0x0000000080000000,0x00000000ab8a2b08,0x00000000ab900000)
 Metaspace       used 73138K, committed 74752K, reserved 1179648K
  class space    used 7634K, committed 8384K, reserved 1048576K

Card table byte_map: [0x00000273e5f70000,0x00000273e6380000] _byte_map_base: 0x00000273e5b70000

Marking Bits: (ParMarkBitMap*) 0x00007ff86f404460
 Begin Bits: [0x00000273f8a80000, 0x00000273faa80000)
 End Bits:   [0x00000273faa80000, 0x00000273fca80000)

Polling page: 0x00000273e47a0000

Metaspace:

Usage:
  Non-class:     63.97 MB used.
      Class:      7.46 MB used.
       Both:     71.42 MB used.

Virtual space:
  Non-class space:      128.00 MB reserved,      64.81 MB ( 51%) committed,  2 nodes.
      Class space:        1.00 GB reserved,       8.19 MB ( <1%) committed,  1 nodes.
             Both:        1.12 GB reserved,      73.00 MB (  6%) committed. 

Chunk freelists:
   Non-Class:  14.69 MB
       Class:  7.74 MB
        Both:  22.42 MB

MaxMetaspaceSize: unlimited
CompressedClassSpaceSize: 1.00 GB
Initial GC threshold: 21.00 MB
Current GC threshold: 97.31 MB
CDS: on
 - commit_granule_bytes: 65536.
 - commit_granule_words: 8192.
 - virtual_space_node_default_size: 8388608.
 - enlarge_chunks_in_place: 1.
 - use_allocation_guard: 0.


Internal statistics:

num_allocs_failed_limit: 9.
num_arena_births: 1330.
num_arena_deaths: 16.
num_vsnodes_births: 3.
num_vsnodes_deaths: 0.
num_space_committed: 1168.
num_space_uncommitted: 0.
num_chunks_returned_to_freelist: 26.
num_chunks_taken_from_freelist: 4779.
num_chunk_merges: 12.
num_chunk_splits: 2970.
num_chunks_enlarged: 1709.
num_inconsistent_stats: 0.

CodeHeap 'non-profiled nmethods': size=120064Kb used=13111Kb max_used=13111Kb free=106952Kb
 bounds [0x00000273f1290000, 0x00000273f1f60000, 0x00000273f87d0000]
CodeHeap 'profiled nmethods': size=120000Kb used=30983Kb max_used=30983Kb free=89017Kb
 bounds [0x00000273e97d0000, 0x00000273eb620000, 0x00000273f0d00000]
CodeHeap 'non-nmethods': size=5696Kb used=1467Kb max_used=1519Kb free=4229Kb
 bounds [0x00000273f0d00000, 0x00000273f0f70000, 0x00000273f1290000]
CodeCache: size=245760Kb, used=45561Kb, max_used=45613Kb, free=200198Kb
 total_blobs=13809, nmethods=13012, adapters=702, full_count=0
Compilation: enabled, stopped_count=0, restarted_count=0

Compilation events (20 events):
Event: 3442.767 Thread 0x00000273fcff9fe0 nmethod 13891 0x00000273eb60e710 code [0x00000273eb60e8e0, 0x00000273eb60eb20]
Event: 3442.801 Thread 0x00000273fcff9fe0 13892       3       java.io.ObjectOutputStream::writeByte (9 bytes)
Event: 3442.802 Thread 0x00000273fcff9fe0 nmethod 13892 0x00000273eb60ec90 code [0x00000273eb60ee40, 0x00000273eb60ef80]
Event: 3442.802 Thread 0x00000273fcff9fe0 13893       3       java.io.ObjectOutputStream::writeUTF (9 bytes)
Event: 3442.803 Thread 0x00000273fcff9fe0 nmethod 13893 0x00000273eb60f090 code [0x00000273eb60f260, 0x00000273eb60f460]
Event: 3442.803 Thread 0x00000273fcff9fe0 13894       3       java.io.ObjectStreamField::getTypeString (16 bytes)
Event: 3442.808 Thread 0x00000273fcff9fe0 nmethod 13894 0x00000273eb60f590 code [0x00000273eb60f7c0, 0x00000273eb60ff78]
Event: 3442.808 Thread 0x00000273fcff9fe0 13895       3       java.io.ObjectOutputStream::writeTypeString (40 bytes)
Event: 3442.809 Thread 0x00000273fcff9fe0 nmethod 13895 0x00000273eb610310 code [0x00000273eb610520, 0x00000273eb610920]
Event: 3443.952 Thread 0x00000273fcf818d0 nmethod 13889 0x00000273f1f4dd90 code [0x00000273f1f4ea60, 0x00000273f1f55c50]
Event: 3443.954 Thread 0x00000273fcf818d0 13890       4       java.io.ObjectOutputStream$BlockDataOutputStream::writeInt (46 bytes)
Event: 3443.956 Thread 0x00000273fcf818d0 nmethod 13890 0x00000273f1f5c390 code [0x00000273f1f5c520, 0x00000273f1f5c658]
Event: 3445.416 Thread 0x00000273fcff9fe0 13896       3       java.io.FilterOutputStream::write (9 bytes)
Event: 3445.416 Thread 0x00000273fcff9fe0 nmethod 13896 0x00000273eb610b10 code [0x00000273eb610cc0, 0x00000273eb610e98]
Event: 3445.416 Thread 0x00000273fcff9fe0 13897       3       org.eclipse.core.internal.dtree.DataTreeWriter::writeNumber (47 bytes)
Event: 3445.417 Thread 0x00000273fcff9fe0 nmethod 13897 0x00000273eb610f90 code [0x00000273eb611180, 0x00000273eb6115a8]
Event: 3445.433 Thread 0x00000273fcf818d0 13898       4       java.io.DataOutputStream::writeInt (28 bytes)
Event: 3445.456 Thread 0x00000273fcf818d0 nmethod 13898 0x00000273f1f5c810 code [0x00000273f1f5caa0, 0x00000273f1f5d478]
Event: 3448.037 Thread 0x00000273fcff9fe0 13899       3       org.eclipse.core.internal.jobs.JobQueue$2::hasNext (47 bytes)
Event: 3448.048 Thread 0x00000273fcff9fe0 nmethod 13899 0x00000273eb611710 code [0x00000273eb6118c0, 0x00000273eb611af0]

GC Heap History (20 events):
Event: 3347.241 GC heap before
{Heap before GC invocations=1111 (full 3):
 PSYoungGen      total 1536K, used 1179K [0x00000000d5580000, 0x00000000d5800000, 0x0000000100000000)
  eden space 1024K, 99% used [0x00000000d5580000,0x00000000d567f158,0x00000000d5680000)
  from space 512K, 31% used [0x00000000d5700000,0x00000000d5727b98,0x00000000d5780000)
  to   space 512K, 0% used [0x00000000d5780000,0x00000000d5780000,0x00000000d5800000)
 ParOldGen       total 710656K, used 710462K [0x0000000080000000, 0x00000000ab600000, 0x00000000d5580000)
  object space 710656K, 99% used [0x0000000080000000,0x00000000ab5cfa88,0x00000000ab600000)
 Metaspace       used 73028K, committed 74624K, reserved 1179648K
  class space    used 7632K, committed 8384K, reserved 1048576K
}
Event: 3347.246 GC heap after
{Heap after GC invocations=1111 (full 3):
 PSYoungGen      total 1536K, used 486K [0x00000000d5580000, 0x00000000d5880000, 0x0000000100000000)
  eden space 1024K, 0% used [0x00000000d5580000,0x00000000d5580000,0x00000000d5680000)
  from space 512K, 94% used [0x00000000d5780000,0x00000000d57f9920,0x00000000d5800000)
  to   space 1024K, 0% used [0x00000000d5680000,0x00000000d5680000,0x00000000d5780000)
 ParOldGen       total 711168K, used 710762K [0x0000000080000000, 0x00000000ab680000, 0x00000000d5580000)
  object space 711168K, 99% used [0x0000000080000000,0x00000000ab61aac0,0x00000000ab680000)
 Metaspace       used 73028K, committed 74624K, reserved 1179648K
  class space    used 7632K, committed 8384K, reserved 1048576K
}
Event: 3347.261 GC heap before
{Heap before GC invocations=1112 (full 3):
 PSYoungGen      total 1536K, used 1510K [0x00000000d5580000, 0x00000000d5880000, 0x0000000100000000)
  eden space 1024K, 100% used [0x00000000d5580000,0x00000000d5680000,0x00000000d5680000)
  from space 512K, 94% used [0x00000000d5780000,0x00000000d57f9920,0x00000000d5800000)
  to   space 1024K, 0% used [0x00000000d5680000,0x00000000d5680000,0x00000000d5780000)
 ParOldGen       total 711168K, used 710762K [0x0000000080000000, 0x00000000ab680000, 0x00000000d5580000)
  object space 711168K, 99% used [0x0000000080000000,0x00000000ab61aac0,0x00000000ab680000)
 Metaspace       used 73028K, committed 74624K, reserved 1179648K
  class space    used 7632K, committed 8384K, reserved 1048576K
}
Event: 3347.266 GC heap after
{Heap after GC invocations=1112 (full 3):
 PSYoungGen      total 2048K, used 978K [0x00000000d5580000, 0x00000000d5980000, 0x0000000100000000)
  eden space 1024K, 0% used [0x00000000d5580000,0x00000000d5580000,0x00000000d5680000)
  from space 1024K, 95% used [0x00000000d5680000,0x00000000d5774b88,0x00000000d5780000)
  to   space 1536K, 0% used [0x00000000d5800000,0x00000000d5800000,0x00000000d5980000)
 ParOldGen       total 711680K, used 711249K [0x0000000080000000, 0x00000000ab700000, 0x00000000d5580000)
  object space 711680K, 99% used [0x0000000080000000,0x00000000ab694758,0x00000000ab700000)
 Metaspace       used 73028K, committed 74624K, reserved 1179648K
  class space    used 7632K, committed 8384K, reserved 1048576K
}
Event: 3347.277 GC heap before
{Heap before GC invocations=1113 (full 3):
 PSYoungGen      total 2048K, used 1924K [0x00000000d5580000, 0x00000000d5980000, 0x0000000100000000)
  eden space 1024K, 92% used [0x00000000d5580000,0x00000000d566c800,0x00000000d5680000)
  from space 1024K, 95% used [0x00000000d5680000,0x00000000d5774b88,0x00000000d5780000)
  to   space 1536K, 0% used [0x00000000d5800000,0x00000000d5800000,0x00000000d5980000)
 ParOldGen       total 711680K, used 711249K [0x0000000080000000, 0x00000000ab700000, 0x00000000d5580000)
  object space 711680K, 99% used [0x0000000080000000,0x00000000ab694758,0x00000000ab700000)
 Metaspace       used 73028K, committed 74624K, reserved 1179648K
  class space    used 7632K, committed 8384K, reserved 1048576K
}
Event: 3347.283 GC heap after
{Heap after GC invocations=1113 (full 3):
 PSYoungGen      total 2048K, used 787K [0x00000000d5580000, 0x00000000d5900000, 0x0000000100000000)
  eden space 1024K, 0% used [0x00000000d5580000,0x00000000d5580000,0x00000000d5680000)
  from space 1024K, 76% used [0x00000000d5800000,0x00000000d58c4c90,0x00000000d5900000)
  to   space 1024K, 0% used [0x00000000d5680000,0x00000000d5680000,0x00000000d5780000)
 ParOldGen       total 712704K, used 712220K [0x0000000080000000, 0x00000000ab800000, 0x00000000d5580000)
  object space 712704K, 99% used [0x0000000080000000,0x00000000ab7871f8,0x00000000ab800000)
 Metaspace       used 73028K, committed 74624K, reserved 1179648K
  class space    used 7632K, committed 8384K, reserved 1048576K
}
Event: 3347.503 GC heap before
{Heap before GC invocations=1114 (full 3):
 PSYoungGen      total 2048K, used 1809K [0x00000000d5580000, 0x00000000d5900000, 0x0000000100000000)
  eden space 1024K, 99% used [0x00000000d5580000,0x00000000d567fab0,0x00000000d5680000)
  from space 1024K, 76% used [0x00000000d5800000,0x00000000d58c4c90,0x00000000d5900000)
  to   space 1024K, 0% used [0x00000000d5680000,0x00000000d5680000,0x00000000d5780000)
 ParOldGen       total 712704K, used 712220K [0x0000000080000000, 0x00000000ab800000, 0x00000000d5580000)
  object space 712704K, 99% used [0x0000000080000000,0x00000000ab7871f8,0x00000000ab800000)
 Metaspace       used 73043K, committed 74688K, reserved 1179648K
  class space    used 7632K, committed 8384K, reserved 1048576K
}
Event: 3347.511 GC heap after
{Heap after GC invocations=1114 (full 3):
 PSYoungGen      total 2048K, used 444K [0x00000000d5580000, 0x00000000d5880000, 0x0000000100000000)
  eden space 1024K, 0% used [0x00000000d5580000,0x00000000d5580000,0x00000000d5680000)
  from space 1024K, 43% used [0x00000000d5680000,0x00000000d56ef390,0x00000000d5780000)
  to   space 1024K, 0% used [0x00000000d5780000,0x00000000d5780000,0x00000000d5880000)
 ParOldGen       total 713216K, used 712968K [0x0000000080000000, 0x00000000ab880000, 0x00000000d5580000)
  object space 713216K, 99% used [0x0000000080000000,0x00000000ab842068,0x00000000ab880000)
 Metaspace       used 73043K, committed 74688K, reserved 1179648K
  class space    used 7632K, committed 8384K, reserved 1048576K
}
Event: 3350.098 GC heap before
{Heap before GC invocations=1115 (full 3):
 PSYoungGen      total 2048K, used 1468K [0x00000000d5580000, 0x00000000d5880000, 0x0000000100000000)
  eden space 1024K, 100% used [0x00000000d5580000,0x00000000d5680000,0x00000000d5680000)
  from space 1024K, 43% used [0x00000000d5680000,0x00000000d56ef390,0x00000000d5780000)
  to   space 1024K, 0% used [0x00000000d5780000,0x00000000d5780000,0x00000000d5880000)
 ParOldGen       total 713216K, used 712968K [0x0000000080000000, 0x00000000ab880000, 0x00000000d5580000)
  object space 713216K, 99% used [0x0000000080000000,0x00000000ab842068,0x00000000ab880000)
 Metaspace       used 73061K, committed 74688K, reserved 1179648K
  class space    used 7632K, committed 8384K, reserved 1048576K
}
Event: 3350.116 GC heap after
{Heap after GC invocations=1115 (full 3):
 PSYoungGen      total 1536K, used 192K [0x00000000d5580000, 0x00000000d5800000, 0x0000000100000000)
  eden space 1024K, 0% used [0x00000000d5580000,0x00000000d5580000,0x00000000d5680000)
  from space 512K, 37% used [0x00000000d5780000,0x00000000d57b0000,0x00000000d5800000)
  to   space 512K, 0% used [0x00000000d5700000,0x00000000d5700000,0x00000000d5780000)
 ParOldGen       total 713216K, used 713110K [0x0000000080000000, 0x00000000ab880000, 0x00000000d5580000)
  object space 713216K, 99% used [0x0000000080000000,0x00000000ab865ad8,0x00000000ab880000)
 Metaspace       used 73061K, committed 74688K, reserved 1179648K
  class space    used 7632K, committed 8384K, reserved 1048576K
}
Event: 3351.853 GC heap before
{Heap before GC invocations=1116 (full 3):
 PSYoungGen      total 1536K, used 1215K [0x00000000d5580000, 0x00000000d5800000, 0x0000000100000000)
  eden space 1024K, 99% used [0x00000000d5580000,0x00000000d567ffd8,0x00000000d5680000)
  from space 512K, 37% used [0x00000000d5780000,0x00000000d57b0000,0x00000000d5800000)
  to   space 512K, 0% used [0x00000000d5700000,0x00000000d5700000,0x00000000d5780000)
 ParOldGen       total 713216K, used 713110K [0x0000000080000000, 0x00000000ab880000, 0x00000000d5580000)
  object space 713216K, 99% used [0x0000000080000000,0x00000000ab865ad8,0x00000000ab880000)
 Metaspace       used 73084K, committed 74688K, reserved 1179648K
  class space    used 7634K, committed 8384K, reserved 1048576K
}
Event: 3351.859 GC heap after
{Heap after GC invocations=1116 (full 3):
 PSYoungGen      total 1536K, used 64K [0x00000000d5580000, 0x00000000d5800000, 0x0000000100000000)
  eden space 1024K, 0% used [0x00000000d5580000,0x00000000d5580000,0x00000000d5680000)
  from space 512K, 12% used [0x00000000d5700000,0x00000000d5710000,0x00000000d5780000)
  to   space 512K, 0% used [0x00000000d5780000,0x00000000d5780000,0x00000000d5800000)
 ParOldGen       total 713216K, used 713210K [0x0000000080000000, 0x00000000ab880000, 0x00000000d5580000)
  object space 713216K, 99% used [0x0000000080000000,0x00000000ab87eae8,0x00000000ab880000)
 Metaspace       used 73084K, committed 74688K, reserved 1179648K
  class space    used 7634K, committed 8384K, reserved 1048576K
}
Event: 3351.885 GC heap before
{Heap before GC invocations=1117 (full 3):
 PSYoungGen      total 1536K, used 1087K [0x00000000d5580000, 0x00000000d5800000, 0x0000000100000000)
  eden space 1024K, 99% used [0x00000000d5580000,0x00000000d567ffe8,0x00000000d5680000)
  from space 512K, 12% used [0x00000000d5700000,0x00000000d5710000,0x00000000d5780000)
  to   space 512K, 0% used [0x00000000d5780000,0x00000000d5780000,0x00000000d5800000)
 ParOldGen       total 713216K, used 713210K [0x0000000080000000, 0x00000000ab880000, 0x00000000d5580000)
  object space 713216K, 99% used [0x0000000080000000,0x00000000ab87eae8,0x00000000ab880000)
 Metaspace       used 73090K, committed 74688K, reserved 1179648K
  class space    used 7634K, committed 8384K, reserved 1048576K
}
Event: 3351.891 GC heap after
{Heap after GC invocations=1117 (full 3):
 PSYoungGen      total 1536K, used 288K [0x00000000d5580000, 0x00000000d5800000, 0x0000000100000000)
  eden space 1024K, 0% used [0x00000000d5580000,0x00000000d5580000,0x00000000d5680000)
  from space 512K, 56% used [0x00000000d5780000,0x00000000d57c8020,0x00000000d5800000)
  to   space 512K, 0% used [0x00000000d5700000,0x00000000d5700000,0x00000000d5780000)
 ParOldGen       total 713728K, used 713234K [0x0000000080000000, 0x00000000ab900000, 0x00000000d5580000)
  object space 713728K, 99% used [0x0000000080000000,0x00000000ab884ae8,0x00000000ab900000)
 Metaspace       used 73090K, committed 74688K, reserved 1179648K
  class space    used 7634K, committed 8384K, reserved 1048576K
}
Event: 3353.604 GC heap before
{Heap before GC invocations=1118 (full 3):
 PSYoungGen      total 1536K, used 1312K [0x00000000d5580000, 0x00000000d5800000, 0x0000000100000000)
  eden space 1024K, 100% used [0x00000000d5580000,0x00000000d5680000,0x00000000d5680000)
  from space 512K, 56% used [0x00000000d5780000,0x00000000d57c8020,0x00000000d5800000)
  to   space 512K, 0% used [0x00000000d5700000,0x00000000d5700000,0x00000000d5780000)
 ParOldGen       total 713728K, used 713234K [0x0000000080000000, 0x00000000ab900000, 0x00000000d5580000)
  object space 713728K, 99% used [0x0000000080000000,0x00000000ab884ae8,0x00000000ab900000)
 Metaspace       used 73119K, committed 74752K, reserved 1179648K
  class space    used 7634K, committed 8384K, reserved 1048576K
}
Event: 3353.609 GC heap after
{Heap after GC invocations=1118 (full 3):
 PSYoungGen      total 1536K, used 64K [0x00000000d5580000, 0x00000000d5800000, 0x0000000100000000)
  eden space 1024K, 0% used [0x00000000d5580000,0x00000000d5580000,0x00000000d5680000)
  from space 512K, 12% used [0x00000000d5700000,0x00000000d5710000,0x00000000d5780000)
  to   space 512K, 0% used [0x00000000d5780000,0x00000000d5780000,0x00000000d5800000)
 ParOldGen       total 713728K, used 713314K [0x0000000080000000, 0x00000000ab900000, 0x00000000d5580000)
  object space 713728K, 99% used [0x0000000080000000,0x00000000ab898b08,0x00000000ab900000)
 Metaspace       used 73119K, committed 74752K, reserved 1179648K
  class space    used 7634K, committed 8384K, reserved 1048576K
}
Event: 3434.172 GC heap before
{Heap before GC invocations=1119 (full 3):
 PSYoungGen      total 1536K, used 1087K [0x00000000d5580000, 0x00000000d5800000, 0x0000000100000000)
  eden space 1024K, 99% used [0x00000000d5580000,0x00000000d567fff8,0x00000000d5680000)
  from space 512K, 12% used [0x00000000d5700000,0x00000000d5710000,0x00000000d5780000)
  to   space 512K, 0% used [0x00000000d5780000,0x00000000d5780000,0x00000000d5800000)
 ParOldGen       total 713728K, used 713314K [0x0000000080000000, 0x00000000ab900000, 0x00000000d5580000)
  object space 713728K, 99% used [0x0000000080000000,0x00000000ab898b08,0x00000000ab900000)
 Metaspace       used 73121K, committed 74752K, reserved 1179648K
  class space    used 7634K, committed 8384K, reserved 1048576K
}
Event: 3435.286 GC heap after
{Heap after GC invocations=1119 (full 3):
 PSYoungGen      total 1536K, used 64K [0x00000000d5580000, 0x00000000d5800000, 0x0000000100000000)
  eden space 1024K, 0% used [0x00000000d5580000,0x00000000d5580000,0x00000000d5680000)
  from space 512K, 12% used [0x00000000d5780000,0x00000000d5790000,0x00000000d5800000)
  to   space 512K, 0% used [0x00000000d5700000,0x00000000d5700000,0x00000000d5780000)
 ParOldGen       total 713728K, used 713322K [0x0000000080000000, 0x00000000ab900000, 0x00000000d5580000)
  object space 713728K, 99% used [0x0000000080000000,0x00000000ab89ab08,0x00000000ab900000)
 Metaspace       used 73121K, committed 74752K, reserved 1179648K
  class space    used 7634K, committed 8384K, reserved 1048576K
}
Event: 3442.438 GC heap before
{Heap before GC invocations=1120 (full 3):
 PSYoungGen      total 1536K, used 1085K [0x00000000d5580000, 0x00000000d5800000, 0x0000000100000000)
  eden space 1024K, 99% used [0x00000000d5580000,0x00000000d567f7b8,0x00000000d5680000)
  from space 512K, 12% used [0x00000000d5780000,0x00000000d5790000,0x00000000d5800000)
  to   space 512K, 0% used [0x00000000d5700000,0x00000000d5700000,0x00000000d5780000)
 ParOldGen       total 713728K, used 713322K [0x0000000080000000, 0x00000000ab900000, 0x00000000d5580000)
  object space 713728K, 99% used [0x0000000080000000,0x00000000ab89ab08,0x00000000ab900000)
 Metaspace       used 73134K, committed 74752K, reserved 1179648K
  class space    used 7634K, committed 8384K, reserved 1048576K
}
Event: 3442.454 GC heap after
{Heap after GC invocations=1120 (full 3):
 PSYoungGen      total 1536K, used 128K [0x00000000d5580000, 0x00000000d5800000, 0x0000000100000000)
  eden space 1024K, 0% used [0x00000000d5580000,0x00000000d5580000,0x00000000d5680000)
  from space 512K, 25% used [0x00000000d5700000,0x00000000d5720020,0x00000000d5780000)
  to   space 512K, 0% used [0x00000000d5780000,0x00000000d5780000,0x00000000d5800000)
 ParOldGen       total 713728K, used 713354K [0x0000000080000000, 0x00000000ab900000, 0x00000000d5580000)
  object space 713728K, 99% used [0x0000000080000000,0x00000000ab8a2b08,0x00000000ab900000)
 Metaspace       used 73134K, committed 74752K, reserved 1179648K
  class space    used 7634K, committed 8384K, reserved 1048576K
}

Dll operation events (10 events):
Event: 0.134 Loaded shared library c:\Users\ASUS\.vscode\extensions\redhat.java-1.55.0-win32-x64\jre\21.0.11-win32-x86_64\bin\java.dll
Event: 1.353 Loaded shared library c:\Users\ASUS\.vscode\extensions\redhat.java-1.55.0-win32-x64\jre\21.0.11-win32-x86_64\bin\zip.dll
Event: 2.417 Loaded shared library C:\Users\ASUS\.vscode\extensions\redhat.java-1.55.0-win32-x64\jre\21.0.11-win32-x86_64\bin\instrument.dll
Event: 2.524 Loaded shared library C:\Users\ASUS\.vscode\extensions\redhat.java-1.55.0-win32-x64\jre\21.0.11-win32-x86_64\bin\net.dll
Event: 2.528 Loaded shared library C:\Users\ASUS\.vscode\extensions\redhat.java-1.55.0-win32-x64\jre\21.0.11-win32-x86_64\bin\nio.dll
Event: 2.644 Loaded shared library C:\Users\ASUS\.vscode\extensions\redhat.java-1.55.0-win32-x64\jre\21.0.11-win32-x86_64\bin\zip.dll
Event: 3.937 Loaded shared library C:\Users\ASUS\.vscode\extensions\redhat.java-1.55.0-win32-x64\jre\21.0.11-win32-x86_64\bin\jimage.dll
Event: 11.647 Loaded shared library c:\Users\ASUS\.vscode\extensions\redhat.java-1.55.0-win32-x64\jre\21.0.11-win32-x86_64\bin\verify.dll
Event: 67.912 Loaded shared library C:\Users\ASUS\AppData\Roaming\Code\User\globalStorage\redhat.java\1.55.0\config_win\org.eclipse.equinox.launcher\org.eclipse.equinox.launcher.win32.win32.x86_64_1.3.100.v20260613-0559\eclipse_11924.dll
Event: 94.698 Loaded shared library C:\Users\ASUS\AppData\Local\Temp\jna-2018896\jna11947604883265559663.dll

Deoptimization events (20 events):
Event: 3284.429 Thread 0x00000273c54138b0 DEOPT PACKING pc=0x00000273f1c38ae8 sp=0x000000888d7fd8a0
Event: 3284.429 Thread 0x00000273c54138b0 DEOPT UNPACKING pc=0x00000273f0d53a9c sp=0x000000888d7fd460 mode 2
Event: 3284.430 Thread 0x00000273c54138b0 Uncommon trap: trap_request=0xffffff45 fr.pc=0x00000273f1ea02f0 relative=0x0000000000000430
Event: 3284.430 Thread 0x00000273c54138b0 Uncommon trap: reason=unstable_if action=reinterpret pc=0x00000273f1ea02f0 method=org.eclipse.jdt.internal.compiler.util.HashtableOfType.get([C)Lorg/eclipse/jdt/internal/compiler/lookup/ReferenceBinding; @ 49 c2
Event: 3284.430 Thread 0x00000273c54138b0 DEOPT PACKING pc=0x00000273f1ea02f0 sp=0x000000888d7fd2a0
Event: 3284.430 Thread 0x00000273c54138b0 DEOPT UNPACKING pc=0x00000273f0d53a9c sp=0x000000888d7fd218 mode 2
Event: 3285.028 Thread 0x00000273c54138b0 Uncommon trap: trap_request=0xffffff45 fr.pc=0x00000273f1ea65d0 relative=0x00000000000000b0
Event: 3285.028 Thread 0x00000273c54138b0 Uncommon trap: reason=unstable_if action=reinterpret pc=0x00000273f1ea65d0 method=org.eclipse.jdt.internal.compiler.util.Util.effectivelyEqual([Ljava/lang/Object;[Ljava/lang/Object;)Z @ 56 c2
Event: 3285.028 Thread 0x00000273c54138b0 DEOPT PACKING pc=0x00000273f1ea65d0 sp=0x000000888d7fceb0
Event: 3285.028 Thread 0x00000273c54138b0 DEOPT UNPACKING pc=0x00000273f0d53a9c sp=0x000000888d7fce30 mode 2
Event: 3285.032 Thread 0x00000273c54138b0 DEOPT PACKING pc=0x00000273eb3a368d sp=0x000000888d7fd8a0
Event: 3285.032 Thread 0x00000273c54138b0 DEOPT UNPACKING pc=0x00000273f0d54223 sp=0x000000888d7fcd38 mode 0
Event: 3285.131 Thread 0x00000273c54138b0 DEOPT PACKING pc=0x00000273eb3a368d sp=0x000000888d7fdd30
Event: 3285.131 Thread 0x00000273c54138b0 DEOPT UNPACKING pc=0x00000273f0d54223 sp=0x000000888d7fd1d8 mode 0
Event: 3288.194 Thread 0x00000273c54138b0 Uncommon trap: trap_request=0xffffff45 fr.pc=0x00000273f164b43c relative=0x000000000000019c
Event: 3288.194 Thread 0x00000273c54138b0 Uncommon trap: reason=unstable_if action=reinterpret pc=0x00000273f164b43c method=java.util.Arrays.equals([C[C)Z @ 8 c2
Event: 3288.194 Thread 0x00000273c54138b0 DEOPT PACKING pc=0x00000273f164b43c sp=0x000000888d7fd6d0
Event: 3288.194 Thread 0x00000273c54138b0 DEOPT UNPACKING pc=0x00000273f0d53a9c sp=0x000000888d7fd688 mode 2
Event: 3346.360 Thread 0x00000273c5411e70 DEOPT PACKING pc=0x00000273eb3a368d sp=0x000000888e0fd5c0
Event: 3346.363 Thread 0x00000273c5411e70 DEOPT UNPACKING pc=0x00000273f0d54223 sp=0x000000888e0fca58 mode 0

Classes loaded (20 events):
Event: 1561.798 Loading class java/util/regex/Pattern$Behind
Event: 1561.807 Loading class java/util/regex/Pattern$Behind done
Event: 1561.808 Loading class java/util/regex/Pattern$Neg
Event: 1561.808 Loading class java/util/regex/Pattern$Neg done
Event: 3172.683 Loading class java/util/concurrent/ConcurrentHashMap$TreeNode
Event: 3172.688 Loading class java/util/concurrent/ConcurrentHashMap$TreeNode done
Event: 3172.693 Loading class java/util/concurrent/ConcurrentHashMap$TreeBin
Event: 3173.193 Loading class java/util/concurrent/ConcurrentHashMap$TreeBin done
Event: 3175.263 Loading class jdk/internal/ref/CleanerImpl$InnocuousThreadFactory
Event: 3175.263 Loading class jdk/internal/ref/CleanerImpl$InnocuousThreadFactory done
Event: 3177.072 Loading class java/util/stream/ReferencePipeline$4
Event: 3177.097 Loading class java/util/stream/ReferencePipeline$4 done
Event: 3177.102 Loading class java/util/stream/Nodes$IntFixedNodeBuilder
Event: 3177.102 Loading class java/util/stream/Node$Builder$OfInt
Event: 3177.104 Loading class java/util/stream/Node$Builder$OfInt done
Event: 3177.104 Loading class java/util/stream/Nodes$IntArrayNode
Event: 3177.105 Loading class java/util/stream/Nodes$IntArrayNode done
Event: 3177.106 Loading class java/util/stream/Nodes$IntFixedNodeBuilder done
Event: 3177.106 Loading class java/util/stream/ReferencePipeline$4$1
Event: 3177.111 Loading class java/util/stream/ReferencePipeline$4$1 done

Classes unloaded (8 events):
Event: 100.399 Thread 0x00000273e668b970 Unloading class 0x00000273811a8c00 'java/lang/invoke/LambdaForm$MH+0x00000273811a8c00'
Event: 100.400 Thread 0x00000273e668b970 Unloading class 0x00000273811a8800 'java/lang/invoke/LambdaForm$MH+0x00000273811a8800'
Event: 100.400 Thread 0x00000273e668b970 Unloading class 0x00000273811a8400 'java/lang/invoke/LambdaForm$MH+0x00000273811a8400'
Event: 100.400 Thread 0x00000273e668b970 Unloading class 0x00000273811a8000 'java/lang/invoke/LambdaForm$MH+0x00000273811a8000'
Event: 100.400 Thread 0x00000273e668b970 Unloading class 0x00000273811a7c00 'java/lang/invoke/LambdaForm$BMH+0x00000273811a7c00'
Event: 100.400 Thread 0x00000273e668b970 Unloading class 0x00000273811a7800 'java/lang/invoke/LambdaForm$DMH+0x00000273811a7800'
Event: 100.400 Thread 0x00000273e668b970 Unloading class 0x00000273811a6400 'java/lang/invoke/LambdaForm$DMH+0x00000273811a6400'
Event: 227.533 Thread 0x00000273e668b970 Unloading class 0x0000027381694800 'java/lang/invoke/LambdaForm$DMH+0x0000027381694800'

Classes redefined (0 events):
No events

Internal exceptions (20 events):
Event: 3333.426 Thread 0x00000273fe506d90 Exception <a 'sun/nio/fs/WindowsException'{0x00000000d56518e0}> (0x00000000d56518e0) 
thrown [s\src\hotspot\share\prims\jni.cpp, line 520]
Event: 3344.339 Thread 0x00000273fdbe9ff0 Exception <a 'sun/nio/fs/WindowsException'{0x00000000d55baa90}> (0x00000000d55baa90) 
thrown [s\src\hotspot\share\prims\jni.cpp, line 520]
Event: 3344.535 Thread 0x00000273c5410ac0 Exception <a 'sun/nio/fs/WindowsException'{0x00000000d55c1338}> (0x00000000d55c1338) 
thrown [s\src\hotspot\share\prims\jni.cpp, line 520]
Event: 3344.540 Thread 0x00000273c5410ac0 Exception <a 'sun/nio/fs/WindowsException'{0x00000000d55c2480}> (0x00000000d55c2480) 
thrown [s\src\hotspot\share\prims\jni.cpp, line 520]
Event: 3344.679 Thread 0x00000273fe506d90 Exception <a 'sun/nio/fs/WindowsException'{0x00000000d55926d0}> (0x00000000d55926d0) 
thrown [s\src\hotspot\share\prims\jni.cpp, line 520]
Event: 3346.846 Thread 0x00000273fdbe9ff0 Exception <a 'sun/nio/fs/WindowsException'{0x00000000d55d9bb0}> (0x00000000d55d9bb0) 
thrown [s\src\hotspot\share\prims\jni.cpp, line 520]
Event: 3346.848 Thread 0x00000273c5414c60 Exception <a 'sun/nio/fs/WindowsException'{0x00000000d55dca78}> (0x00000000d55dca78) 
thrown [s\src\hotspot\share\prims\jni.cpp, line 520]
Event: 3346.848 Thread 0x00000273c5410ac0 Exception <a 'sun/nio/fs/WindowsException'{0x00000000d55de3e8}> (0x00000000d55de3e8) 
thrown [s\src\hotspot\share\prims\jni.cpp, line 520]
Event: 3346.874 Thread 0x00000273fdbe9ff0 Exception <a 'sun/nio/fs/WindowsException'{0x00000000d55e7a20}> (0x00000000d55e7a20) 
thrown [s\src\hotspot\share\prims\jni.cpp, line 520]
Event: 3347.704 Thread 0x00000273fdbe9ff0 Exception <a 'sun/nio/fs/WindowsException'{0x00000000d55cd9e0}> (0x00000000d55cd9e0) 
thrown [s\src\hotspot\share\prims\jni.cpp, line 520]
Event: 3347.705 Thread 0x00000273fdbe9ff0 Exception <a 'sun/nio/fs/WindowsException'{0x00000000d55ce218}> (0x00000000d55ce218) 
thrown [s\src\hotspot\share\prims\jni.cpp, line 520]
Event: 3347.862 Thread 0x00000273fdbe9ff0 Exception <a 'sun/nio/fs/WindowsException'{0x00000000d55cf6a8}> (0x00000000d55cf6a8) 
thrown [s\src\hotspot\share\prims\jni.cpp, line 520]
Event: 3347.903 Thread 0x00000273fdbe9ff0 Exception <a 'sun/nio/fs/WindowsException'{0x00000000d55cfdb8}> (0x00000000d55cfdb8) 
thrown [s\src\hotspot\share\prims\jni.cpp, line 520]
Event: 3347.912 Thread 0x00000273fdbe9ff0 Exception <a 'sun/nio/fs/WindowsException'{0x00000000d55d0ff8}> (0x00000000d55d0ff8) 
thrown [s\src\hotspot\share\prims\jni.cpp, line 520]
Event: 3347.913 Thread 0x00000273fdbe9ff0 Exception <a 'sun/nio/fs/WindowsException'{0x00000000d55d1830}> (0x00000000d55d1830) 
thrown [s\src\hotspot\share\prims\jni.cpp, line 520]
Event: 3347.921 Thread 0x00000273fdbe9ff0 Exception <a 'sun/nio/fs/WindowsException'{0x00000000d55d32d0}> (0x00000000d55d32d0) 
thrown [s\src\hotspot\share\prims\jni.cpp, line 520]
Event: 3347.921 Thread 0x00000273fdbe9ff0 Exception <a 'sun/nio/fs/WindowsException'{0x00000000d55d3d98}> (0x00000000d55d3d98) 
thrown [s\src\hotspot\share\prims\jni.cpp, line 520]
Event: 3350.477 Thread 0x00000273fdbe9ff0 Exception <a 'sun/nio/fs/WindowsException'{0x00000000d565dc78}> (0x00000000d565dc78) 
thrown [s\src\hotspot\share\prims\jni.cpp, line 520]
Event: 3441.663 Thread 0x00000273fdbe9ff0 Exception <a 'sun/nio/fs/WindowsException'{0x00000000d5668038}> (0x00000000d5668038) 
thrown [s\src\hotspot\share\prims\jni.cpp, line 520]
Event: 3441.666 Thread 0x00000273fdbe9ff0 Exception <a 'sun/nio/fs/WindowsException'{0x00000000d5668d88}> (0x00000000d5668d88) 
thrown [s\src\hotspot\share\prims\jni.cpp, line 520]

ZGC Phase Switch (0 events):
No events

VM Operations (20 events):
Event: 3367.728 Executing non-safepoint VM operation: HandshakeAllThreads (HandshakeForDeflation)
Event: 3367.728 Executing non-safepoint VM operation: HandshakeAllThreads (HandshakeForDeflation) done
Event: 3367.728 Executing non-safepoint VM operation: RendezvousGCThreads
Event: 3367.728 Executing non-safepoint VM operation: RendezvousGCThreads done
Event: 3427.746 Executing non-safepoint VM operation: HandshakeAllThreads (HandshakeForDeflation)
Event: 3428.501 Executing non-safepoint VM operation: HandshakeAllThreads (HandshakeForDeflation) done
Event: 3428.501 Executing safepoint VM operation: Cleanup
Event: 3428.502 Executing safepoint VM operation: Cleanup done
Event: 3428.502 Executing non-safepoint VM operation: RendezvousGCThreads
Event: 3428.502 Executing non-safepoint VM operation: RendezvousGCThreads done
Event: 3429.502 Executing safepoint VM operation: Cleanup
Event: 3429.507 Executing safepoint VM operation: Cleanup done
Event: 3434.172 Executing safepoint VM operation: ParallelGCFailedAllocation (Allocation Failure)
Event: 3435.286 Executing safepoint VM operation: ParallelGCFailedAllocation (Allocation Failure) done
Event: 3440.293 Executing safepoint VM operation: Cleanup
Event: 3440.309 Executing safepoint VM operation: Cleanup done
Event: 3442.438 Executing safepoint VM operation: ParallelGCFailedAllocation (Allocation Failure)
Event: 3442.454 Executing safepoint VM operation: ParallelGCFailedAllocation (Allocation Failure) done
Event: 3445.471 Executing safepoint VM operation: Cleanup
Event: 3445.473 Executing safepoint VM operation: Cleanup done

Memory protections (0 events):
No events

Nmethod flushes (20 events):
Event: 227.670 Thread 0x00000273e668b970 flushing  nmethod 0x00000273ea189990
Event: 227.670 Thread 0x00000273e668b970 flushing osr nmethod 0x00000273ea198c10
Event: 227.670 Thread 0x00000273e668b970 flushing  nmethod 0x00000273ea1f6790
Event: 227.670 Thread 0x00000273e668b970 flushing  nmethod 0x00000273ea1f9210
Event: 227.670 Thread 0x00000273e668b970 flushing  nmethod 0x00000273ea1fac10
Event: 227.670 Thread 0x00000273e668b970 flushing  nmethod 0x00000273ea200e10
Event: 227.670 Thread 0x00000273e668b970 flushing osr nmethod 0x00000273ea20cb90
Event: 227.670 Thread 0x00000273e668b970 flushing  nmethod 0x00000273ea230510
Event: 227.670 Thread 0x00000273e668b970 flushing  nmethod 0x00000273ea232090
Event: 227.670 Thread 0x00000273e668b970 flushing  nmethod 0x00000273ea232410
Event: 227.670 Thread 0x00000273e668b970 flushing  nmethod 0x00000273ea235e10
Event: 227.670 Thread 0x00000273e668b970 flushing  nmethod 0x00000273ea244990
Event: 227.670 Thread 0x00000273e668b970 flushing  nmethod 0x00000273ea247890
Event: 227.670 Thread 0x00000273e668b970 flushing  nmethod 0x00000273ea26f490
Event: 227.670 Thread 0x00000273e668b970 flushing  nmethod 0x00000273ea271210
Event: 227.670 Thread 0x00000273e668b970 flushing  nmethod 0x00000273ea273690
Event: 227.670 Thread 0x00000273e668b970 flushing osr nmethod 0x00000273ea278990
Event: 227.670 Thread 0x00000273e668b970 flushing  nmethod 0x00000273ea2c4190
Event: 227.670 Thread 0x00000273e668b970 flushing  nmethod 0x00000273ea2c4790
Event: 227.670 Thread 0x00000273e668b970 flushing  nmethod 0x00000273ea2c5610

Events (20 events):
Event: 3344.765 Thread 0x00000273fdbec750 Thread added: 0x00000273c54138b0
Event: 3344.775 Thread 0x00000273c5411150 Thread exited: 0x00000273c5411150
Event: 3345.855 Thread 0x00000273c54138b0 Thread exited: 0x00000273c54138b0
Event: 3345.891 Thread 0x00000273fdbe9ff0 Thread added: 0x00000273c5411150
Event: 3346.409 Thread 0x00000273fdbe9ff0 Thread added: 0x00000273c54138b0
Event: 3346.639 Thread 0x00000273c5411e70 Thread exited: 0x00000273c5411e70
Event: 3346.655 Thread 0x00000273fdbec750 Thread added: 0x00000273c54152f0
Event: 3346.955 Thread 0x00000273c54152f0 Thread exited: 0x00000273c54152f0
Event: 3347.235 Thread 0x00000273c54145d0 Thread exited: 0x00000273c54145d0
Event: 3353.440 Thread 0x00000273fdbec750 Thread added: 0x00000273c54145d0
Event: 3353.913 Thread 0x00000273c54145d0 Thread exited: 0x00000273c54145d0
Event: 3406.955 Thread 0x00000273c5414c60 Thread exited: 0x00000273c5414c60
Event: 3407.599 Thread 0x00000273c5411150 Thread exited: 0x00000273c5411150
Event: 3412.742 Thread 0x00000273fe507420 Thread exited: 0x00000273fe507420
Event: 3413.772 Thread 0x00000273c5413f40 Thread exited: 0x00000273c5413f40
Event: 3441.115 Thread 0x00000273fdbe9ff0 Thread added: 0x00000273c5411150
Event: 3441.552 Thread 0x00000273c5411150 Thread exited: 0x00000273c5411150
Event: 3442.000 Thread 0x00000273fdbe9ff0 Thread added: 0x00000273c5413f40
Event: 3442.317 Thread 0x00000273c5413f40 Thread exited: 0x00000273c5413f40
Event: 3467.347 Thread 0x00000273c5410ac0 Thread exited: 0x00000273c5410ac0


Dynamic libraries:
0x00007ff63f3b0000 - 0x00007ff63f3be000 	c:\Users\ASUS\.vscode\extensions\redhat.java-1.55.0-win32-x64\jre\21.0.11-win32-x86_64\bin\java.exe
0x00007ff92df60000 - 0x00007ff92e1c6000 	C:\WINDOWS\SYSTEM32\ntdll.dll
0x00007ff92d970000 - 0x00007ff92da39000 	C:\WINDOWS\System32\KERNEL32.DLL
0x00007ff92b300000 - 0x00007ff92b6fe000 	C:\WINDOWS\System32\KERNELBASE.dll
0x00007ff92b8f0000 - 0x00007ff92ba3c000 	C:\WINDOWS\System32\ucrtbase.dll
0x00007ff90d5e0000 - 0x00007ff90d5f8000 	c:\Users\ASUS\.vscode\extensions\redhat.java-1.55.0-win32-x64\jre\21.0.11-win32-x86_64\bin\jli.dll
0x00007ff92c4e0000 - 0x00007ff92c6a7000 	C:\WINDOWS\System32\USER32.dll
0x00007ff92b180000 - 0x00007ff92b1a7000 	C:\WINDOWS\System32\win32u.dll
0x00007ff92de50000 - 0x00007ff92de7b000 	C:\WINDOWS\System32\GDI32.dll
0x00007ff92b710000 - 0x00007ff92b83a000 	C:\WINDOWS\System32\gdi32full.dll
0x00007ff92b840000 - 0x00007ff92b8e3000 	C:\WINDOWS\System32\msvcp_win.dll
0x00007ff90bfd0000 - 0x00007ff90bfee000 	c:\Users\ASUS\.vscode\extensions\redhat.java-1.55.0-win32-x64\jre\21.0.11-win32-x86_64\bin\VCRUNTIME140.dll
0x00007ff914c60000 - 0x00007ff914ef2000 	C:\WINDOWS\WinSxS\amd64_microsoft.windows.common-controls_6595b64144ccf1df_6.0.26100.8875_none_3e0d5d42e32fe9dd\COMCTL32.dll
0x00007ff92cd30000 - 0x00007ff92cdd9000 	C:\WINDOWS\System32\msvcrt.dll
0x00007ff92dde0000 - 0x00007ff92de12000 	C:\WINDOWS\System32\IMM32.DLL
0x00007ff916fb0000 - 0x00007ff916fbc000 	c:\Users\ASUS\.vscode\extensions\redhat.java-1.55.0-win32-x64\jre\21.0.11-win32-x86_64\bin\vcruntime140_1.dll
0x00007ff8c5b10000 - 0x00007ff8c5b9d000 	c:\Users\ASUS\.vscode\extensions\redhat.java-1.55.0-win32-x64\jre\21.0.11-win32-x86_64\bin\msvcp140.dll
0x00007ff86e740000 - 0x00007ff86f4e2000 	c:\Users\ASUS\.vscode\extensions\redhat.java-1.55.0-win32-x64\jre\21.0.11-win32-x86_64\bin\server\jvm.dll
0x00007ff92d820000 - 0x00007ff92d8d7000 	C:\WINDOWS\System32\ADVAPI32.dll
0x00007ff92cf40000 - 0x00007ff92cfea000 	C:\WINDOWS\System32\sechost.dll
0x00007ff92da40000 - 0x00007ff92db58000 	C:\WINDOWS\System32\RPCRT4.dll
0x00007ff92c080000 - 0x00007ff92c100000 	C:\WINDOWS\System32\WS2_32.dll
0x00007ff92afe0000 - 0x00007ff92b03e000 	C:\WINDOWS\SYSTEM32\POWRPROF.dll
0x00007ff915d50000 - 0x00007ff915d86000 	C:\WINDOWS\SYSTEM32\WINMM.dll
0x00007ff91ad20000 - 0x00007ff91ad2b000 	C:\WINDOWS\SYSTEM32\VERSION.dll
0x00007ff92afc0000 - 0x00007ff92afd4000 	C:\WINDOWS\SYSTEM32\UMPDC.dll
0x00007ff929e60000 - 0x00007ff929e7b000 	C:\WINDOWS\SYSTEM32\kernel.appcore.dll
0x00007ff912e70000 - 0x00007ff912e7a000 	c:\Users\ASUS\.vscode\extensions\redhat.java-1.55.0-win32-x64\jre\21.0.11-win32-x86_64\bin\jimage.dll
0x00007ff928880000 - 0x00007ff928ac2000 	C:\WINDOWS\SYSTEM32\DBGHELP.DLL
0x00007ff92bca0000 - 0x00007ff92c023000 	C:\WINDOWS\System32\combase.dll
0x00007ff92cde0000 - 0x00007ff92ceb9000 	C:\WINDOWS\System32\OLEAUT32.dll
0x00007ff9173e0000 - 0x00007ff91741b000 	C:\WINDOWS\SYSTEM32\dbgcore.DLL
0x00007ff92bbd0000 - 0x00007ff92bc7c000 	C:\WINDOWS\System32\bcryptPrimitives.dll
0x00007ff927860000 - 0x00007ff92786f000 	c:\Users\ASUS\.vscode\extensions\redhat.java-1.55.0-win32-x64\jre\21.0.11-win32-x86_64\bin\instrument.dll
0x00007ff906130000 - 0x00007ff906150000 	c:\Users\ASUS\.vscode\extensions\redhat.java-1.55.0-win32-x64\jre\21.0.11-win32-x86_64\bin\java.dll
0x00007ff92cff0000 - 0x00007ff92d782000 	C:\WINDOWS\System32\SHELL32.dll
0x00007ff928c60000 - 0x00007ff9294f2000 	C:\WINDOWS\SYSTEM32\windows.storage.dll
0x00007ff92dce0000 - 0x00007ff92ddd7000 	C:\WINDOWS\System32\SHCORE.dll
0x00007ff92d8e0000 - 0x00007ff92d947000 	C:\WINDOWS\System32\shlwapi.dll
0x00007ff92b0a0000 - 0x00007ff92b0c9000 	C:\WINDOWS\SYSTEM32\profapi.dll
0x00007ff90bf60000 - 0x00007ff90bf78000 	c:\Users\ASUS\.vscode\extensions\redhat.java-1.55.0-win32-x64\jre\21.0.11-win32-x86_64\bin\zip.dll
0x00007ff925200000 - 0x00007ff925210000 	C:\Users\ASUS\.vscode\extensions\redhat.java-1.55.0-win32-x64\jre\21.0.11-win32-x86_64\bin\net.dll
0x00007ff91c000000 - 0x00007ff91c127000 	C:\WINDOWS\SYSTEM32\WINHTTP.dll
0x00007ff92a410000 - 0x00007ff92a47c000 	C:\WINDOWS\system32\mswsock.dll
0x00007ff90bf40000 - 0x00007ff90bf56000 	C:\Users\ASUS\.vscode\extensions\redhat.java-1.55.0-win32-x64\jre\21.0.11-win32-x86_64\bin\nio.dll
0x00007ff9251f0000 - 0x00007ff925200000 	c:\Users\ASUS\.vscode\extensions\redhat.java-1.55.0-win32-x64\jre\21.0.11-win32-x86_64\bin\verify.dll
0x00007ff8ce210000 - 0x00007ff8ce255000 	C:\Users\ASUS\AppData\Roaming\Code\User\globalStorage\redhat.java\1.55.0\config_win\org.eclipse.equinox.launcher\org.eclipse.equinox.launcher.win32.win32.x86_64_1.3.100.v20260613-0559\eclipse_11924.dll
0x00007ff92c1d0000 - 0x00007ff92c369000 	C:\WINDOWS\System32\ole32.dll
0x00007ff92a710000 - 0x00007ff92a72b000 	C:\WINDOWS\SYSTEM32\CRYPTSP.dll
0x00007ff929dc0000 - 0x00007ff929df9000 	C:\WINDOWS\system32\rsaenh.dll
0x00007ff92a4d0000 - 0x00007ff92a502000 	C:\WINDOWS\SYSTEM32\USERENV.dll
0x00007ff92b070000 - 0x00007ff92b09a000 	C:\WINDOWS\SYSTEM32\bcrypt.dll
0x00007ff92a730000 - 0x00007ff92a73c000 	C:\WINDOWS\SYSTEM32\CRYPTBASE.dll
0x00007ff9298e0000 - 0x00007ff929913000 	C:\WINDOWS\SYSTEM32\IPHLPAPI.DLL
0x00007ff92c6b0000 - 0x00007ff92c6ba000 	C:\WINDOWS\System32\NSI.dll
0x00007ff8cdef0000 - 0x00007ff8cdf39000 	C:\Users\ASUS\AppData\Local\Temp\jna-2018896\jna11947604883265559663.dll
0x00007ff92de80000 - 0x00007ff92de88000 	C:\WINDOWS\System32\PSAPI.DLL
0x00007ff91bfd0000 - 0x00007ff91bfed000 	C:\WINDOWS\SYSTEM32\dhcpcsvc6.DLL
0x00007ff91bfa0000 - 0x00007ff91bfc5000 	C:\WINDOWS\SYSTEM32\dhcpcsvc.DLL
0x00007ff929f90000 - 0x00007ff929fc6000 	C:\WINDOWS\SYSTEM32\ntmarta.dll

JVMTI agents:
c:\Users\ASUS\.vscode\extensions\redhat.java-1.55.0-win32-x64\lombok\lombok-1.18.39-4050.jar path:c:\Users\ASUS\.vscode\extensions\redhat.java-1.55.0-win32-x64\jre\21.0.11-win32-x86_64\bin\instrument.dll, loaded, initialized, instrumentlib options:none

dbghelp: loaded successfully - version: 4.0.5 - missing functions: none
symbol engine: initialized successfully - sym options: 0x614 - pdb path: .;c:\Users\ASUS\.vscode\extensions\redhat.java-1.55.0-win32-x64\jre\21.0.11-win32-x86_64\bin;C:\WINDOWS\SYSTEM32;C:\WINDOWS\WinSxS\amd64_microsoft.windows.common-controls_6595b64144ccf1df_6.0.26100.8875_none_3e0d5d42e32fe9dd;c:\Users\ASUS\.vscode\extensions\redhat.java-1.55.0-win32-x64\jre\21.0.11-win32-x86_64\bin\server;C:\Users\ASUS\AppData\Roaming\Code\User\globalStorage\redhat.java\1.55.0\config_win\org.eclipse.equinox.launcher\org.eclipse.equinox.launcher.win32.win32.x86_64_1.3.100.v20260613-0559;C:\Users\ASUS\AppData\Local\Temp\jna-2018896

VM Arguments:
jvm_args: --add-modules=ALL-SYSTEM --add-opens=java.base/java.util=ALL-UNNAMED --add-opens=java.base/java.lang=ALL-UNNAMED --add-opens=java.base/sun.nio.fs=ALL-UNNAMED -Declipse.application=org.eclipse.jdt.ls.core.id1 -Dosgi.bundles.defaultStartLevel=4 -Declipse.product=org.eclipse.jdt.ls.core.product -Djava.import.generatesMetadataFilesAtProjectRoot=false -DDetectVMInstallationsJob.disabled=true -Dfile.encoding=utf8 -XX:+UseParallelGC -XX:GCTimeRatio=4 -XX:AdaptiveSizePolicyWeight=90 -Dsun.zip.disableMemoryMapping=true -Xmx2G -Xms100m -Xlog:disable -javaagent:c:\Users\ASUS\.vscode\extensions\redhat.java-1.55.0-win32-x64\lombok\lombok-1.18.39-4050.jar -XX:+HeapDumpOnOutOfMemoryError -XX:HeapDumpPath=c:\Users\ASUS\AppData\Roaming\Code\User\workspaceStorage\8a2261c7dc75c5d48a79eb36663942b8\redhat.java -Daether.dependencyCollector.impl=bf 
java_command: c:\Users\ASUS\.vscode\extensions\redhat.java-1.55.0-win32-x64\server\plugins\org.eclipse.equinox.launcher_1.7.200.v20260619-2039.jar -configuration c:\Users\ASUS\AppData\Roaming\Code\User\globalStorage\redhat.java\1.55.0\config_win -data c:\Users\ASUS\AppData\Roaming\Code\User\workspaceStorage\8a2261c7dc75c5d48a79eb36663942b8\redhat.java\jdt_ws --pipe=\\.\pipe\lsp-e8c627d495a9ef4850776f8be7c03408-sock
java_class_path (initial): c:\Users\ASUS\.vscode\extensions\redhat.java-1.55.0-win32-x64\server\plugins\org.eclipse.equinox.launcher_1.7.200.v20260619-2039.jar
Launcher Type: SUN_STANDARD

[Global flags]
    uintx AdaptiveSizePolicyWeight                 = 90                                        {product} {command line}
     intx CICompilerCount                          = 2                                         {product} {ergonomic}
    uintx GCTimeRatio                              = 4                                         {product} {command line}
     bool HeapDumpOnOutOfMemoryError               = true                                   {manageable} {command line}
    ccstr HeapDumpPath                             = c:\Users\ASUS\AppData\Roaming\Code\User\workspaceStorage\8a2261c7dc75c5d48a79eb36663942b8\redhat.java         {manageable} {command line}
   size_t InitialHeapSize                          = 104857600                                 {product} {command line}
   size_t MaxHeapSize                              = 2147483648                                {product} {command line}
   size_t MaxNewSize                               = 715653120                                 {product} {ergonomic}
   size_t MinHeapDeltaBytes                        = 524288                                    {product} {ergonomic}
   size_t MinHeapSize                              = 104857600                                 {product} {command line}
   size_t NewSize                                  = 34603008                                  {product} {ergonomic}
    uintx NonNMethodCodeHeapSize                   = 5826188                                {pd product} {ergonomic}
    uintx NonProfiledCodeHeapSize                  = 122916026                              {pd product} {ergonomic}
   size_t OldSize                                  = 70254592                                  {product} {ergonomic}
    uintx ProfiledCodeHeapSize                     = 122916026                              {pd product} {ergonomic}
    uintx ReservedCodeCacheSize                    = 251658240                              {pd product} {ergonomic}
     bool SegmentedCodeCache                       = true                                      {product} {ergonomic}
   size_t SoftMaxHeapSize                          = 2147483648                             {manageable} {ergonomic}
     bool UseCompressedOops                        = true                           {product lp64_product} {ergonomic}
     bool UseLargePagesIndividualAllocation        = false                                  {pd product} {ergonomic}
     bool UseParallelGC                            = true                                      {product} {command line}

Logging:
Log output configuration:
 #0: stdout all=off uptime,level,tags foldmultilines=false
 #1: stderr all=off uptime,level,tags foldmultilines=false

Release file:
JAVA_VERSION="21.0.11" 
MODULES="java.base java.compiler java.datatransfer java.xml java.prefs java.desktop java.instrument java.logging java.management java.security.sasl java.naming java.rmi java.management.rmi java.net.http java.scripting java.security.jgss java.transaction.xa java.sql java.sql.rowset java.xml.crypto java.se java.smartcardio jdk.accessibility jdk.internal.jvmstat jdk.attach jdk.charsets jdk.internal.opt jdk.zipfs jdk.compiler jdk.crypto.ec jdk.crypto.cryptoki jdk.crypto.mscapi jdk.dynalink jdk.internal.ed jdk.editpad jdk.hotspot.agent jdk.httpserver jdk.internal.le jdk.internal.vm.ci jdk.internal.vm.compiler jdk.internal.vm.compiler.management jdk.jartool jdk.javadoc jdk.jcmd jdk.management jdk.management.agent jdk.jconsole jdk.jdeps jdk.jdwp.agent jdk.jdi jdk.jfr jdk.jshell jdk.jsobject jdk.jstatd jdk.localedata jdk.management.jfr jdk.naming.dns jdk.naming.rmi jdk.net jdk.nio.mapmode jdk.random jdk.sctp jdk.security.auth jdk.security.jgss jdk.unsupported jdk.unsupported.desktop jdk.xml.dom" 

Environment Variables:
JAVA_HOME=C:\Program Files\Eclipse Adoptium\jdk-21.0.11.10-hotspot
PATH=C:\Program Files\Eclipse Adoptium\jdk-21.0.11.10-hotspot\bin;C:\Python314\Scripts\;C:\Python314\;C:\Python313\Scripts\;C:\Python313\;C:\Program Files\Git\cmd\git.exe;C:\ProgramData\chocolatey\bin;C:\Program Files\Microsoft SQL Server\Client SDK\ODBC\170\Tools\Binn\;C:\Program Files\Microsoft SQL Server\160\DTS\Binn\;C:\Program Files\Java\jdk-21\bin;C:\Program Files\Java\jdk-21.0.10\bin;C:\Program Files\nodejs\;C:\Program Files\Eclipse Adoptium\jdk-21.0.11.10-hotspot\bin;C:\Users\ASUS\Downloads\Maven\apache-maven-3.9.16\bin;C:\Users\ASUS\AppData\Local\Microsoft\WindowsApps;C:\Users\ASUS\AppData\Local\Programs\Microsoft VS Code\bin;C:\ProgramData\Microsoft\Windows\Start Menu\Programs\Git;C:\Users\ASUS\Desktop\PyCharm 2025.2\bin;C:\Users\ASUS\AppData\Roaming\npm
USERNAME=ASUS
OS=Windows_NT
PROCESSOR_IDENTIFIER=Intel64 Family 6 Model 122 Stepping 8, GenuineIntel
TMP=C:\Users\ASUS\AppData\Local\Temp
TEMP=C:\Users\ASUS\AppData\Local\Temp




Periodic native trim disabled

---------------  S Y S T E M  ---------------

OS:
 Windows 11 , 64 bit Build 26100 (10.0.26100.8875)
OS uptime: 0 days 3:40 hours

CPU: total 2 (initial active 2) (2 cores per cpu, 1 threads per core) family 6 model 122 stepping 8 microcode 0x22, cx8, cmov, fxsr, mmx, 3dnowpref, sse, sse2, sse3, ssse3, sse4.1, sse4.2, popcnt, tsc, tscinvbit, aes, erms, clmul, sha, clflush, clflushopt, rdtscp, rdpid
Processor Information for the first 2 processors :
  Max Mhz: 1101, Current Mhz: 1101, Mhz Limit: 1101

Memory: 4k page, system-wide physical 3918M (162M free)
TotalPageFile size 15694M (AvailPageFile size 4M)
current process WorkingSet (physical memory assigned to process): 37M, peak: 426M
current process commit charge ("private bytes"): 983M, peak: 986M

vm_info: OpenJDK 64-Bit Server VM (21.0.11+10-LTS) for windows-amd64 JRE (21.0.11+10-LTS), built on 2026-04-21T00:00:00Z by "admin" with MS VC++ 17.12 (VS2022)

END.
